#! /c/Source/iverilog-install/bin/vvp
:ivl_version "12.0 (devel)" "(s20150603-1539-g2693dd32b)";
:ivl_delay_selection "TYPICAL";
:vpi_time_precision - 12;
:vpi_module "C:\iverilog\lib\ivl\system.vpi";
:vpi_module "C:\iverilog\lib\ivl\vhdl_sys.vpi";
:vpi_module "C:\iverilog\lib\ivl\vhdl_textio.vpi";
:vpi_module "C:\iverilog\lib\ivl\v2005_math.vpi";
:vpi_module "C:\iverilog\lib\ivl\va_math.vpi";
S_000002d8596ba560 .scope module, "tb_noise_filler" "tb_noise_filler" 2 2;
 .timescale -9 -12;
P_000002d859606b30 .param/l "ADDR_WIDTH" 0 2 2, +C4<00000000000000000000000000001110>;
P_000002d859606b68 .param/l "DATA_WIDTH" 0 2 2, +C4<00000000000000000000000000010000>;
v000002d859724dc0_0 .net "bram_addr", 13 0, v000002d8596c4320_0;  1 drivers
v000002d8597248c0_0 .net "bram_wdata", 15 0, L_000002d8596d6950;  1 drivers
v000002d859725180_0 .net "bram_we", 0 0, L_000002d8596d71a0;  1 drivers
v000002d859725360_0 .var "clk", 0 0;
v000002d859725220_0 .net "done", 0 0, v000002d8597254a0_0;  1 drivers
v000002d8597255e0_0 .var "rst_n", 0 0;
v000002d859724960_0 .var "size", 2 0;
v000002d859725720_0 .var "start", 0 0;
S_000002d8596d2a60 .scope module, "uut" "noise_matrix_filler" 2 16, 3 3 0, S_000002d8596ba560;
 .timescale -9 -12;
    .port_info 0 /INPUT 1 "clk";
    .port_info 1 /INPUT 1 "rst_n";
    .port_info 2 /INPUT 1 "start";
    .port_info 3 /INPUT 3 "size";
    .port_info 4 /OUTPUT 14 "bram_addr";
    .port_info 5 /OUTPUT 16 "bram_wdata";
    .port_info 6 /OUTPUT 1 "bram_we";
    .port_info 7 /OUTPUT 1 "done";
P_000002d8596069e0 .param/l "ADDR_WIDTH" 0 3 5, +C4<00000000000000000000000000001110>;
P_000002d859606a18 .param/l "DATA_WIDTH" 0 3 4, +C4<00000000000000000000000000010000>;
L_000002d8596d6950 .functor BUFZ 16, L_000002d859724f00, C4<0000000000000000>, C4<0000000000000000>, C4<0000000000000000>;
L_000002d8596d71a0 .functor AND 1, v000002d859725540_0, v000002d8596c7270_0, C4<1>, C4<1>;
v000002d8596c7310_0 .var "addr_limit", 13 0;
v000002d8596c4320_0 .var "bram_addr", 13 0;
v000002d8596c43c0_0 .net "bram_wdata", 15 0, L_000002d8596d6950;  alias, 1 drivers
v000002d8596c4460_0 .net "bram_we", 0 0, L_000002d8596d71a0;  alias, 1 drivers
v000002d8596c4500_0 .net "clk", 0 0, v000002d859725360_0;  1 drivers
v000002d8596c45a0_0 .var "decoded_limit", 13 0;
v000002d8597254a0_0 .var "done", 0 0;
v000002d859725540_0 .var "enable_lfsr", 0 0;
v000002d859724be0_0 .net "noise_val", 15 0, L_000002d859724f00;  1 drivers
v000002d859724c80_0 .net "noise_valid", 0 0, v000002d8596c7270_0;  1 drivers
v000002d859724d20_0 .net "rst_n", 0 0, v000002d8597255e0_0;  1 drivers
v000002d859725680_0 .net "size", 2 0, v000002d859724960_0;  1 drivers
v000002d8597252c0_0 .net "start", 0 0, v000002d859725720_0;  1 drivers
E_000002d8596b9220 .event anyedge, v000002d859725680_0;
S_000002d8596d2bf0 .scope module, "noise_inst" "lfsr_noise_gen" 3 30, 4 3 0, S_000002d8596d2a60;
 .timescale -9 -12;
    .port_info 0 /INPUT 1 "clk";
    .port_info 1 /INPUT 1 "rst_n";
    .port_info 2 /INPUT 1 "enable";
    .port_info 3 /OUTPUT 16 "noise_out";
    .port_info 4 /OUTPUT 1 "valid_out";
P_000002d8596ba6f0 .param/l "DATA_WIDTH" 0 4 4, +C4<00000000000000000000000000010000>;
P_000002d8596ba728 .param/l "POLY_MASK" 1 4 20, C4<10000000001000000000000000000011>;
P_000002d8596ba760 .param/l "SEED" 0 4 5, C4<10101100111000010010001101000101>;
v000002d8596d2d80_0 .net "clk", 0 0, v000002d859725360_0;  alias, 1 drivers
v000002d8596067f0_0 .net "enable", 0 0, v000002d859725540_0;  1 drivers
v000002d8596d2e20_0 .net "noise_out", 15 0, L_000002d859724f00;  alias, 1 drivers
v000002d8596c7130_0 .var "r_lfsr", 31 0;
v000002d8596c71d0_0 .net "rst_n", 0 0, v000002d8597255e0_0;  alias, 1 drivers
v000002d8596c7270_0 .var "valid_out", 0 0;
E_000002d8596b9260/0 .event negedge, v000002d8596c71d0_0;
E_000002d8596b9260/1 .event posedge, v000002d8596d2d80_0;
E_000002d8596b9260 .event/or E_000002d8596b9260/0, E_000002d8596b9260/1;
L_000002d859724f00 .part v000002d8596c7130_0, 16, 16;
S_000002d8596c6fa0 .scope generate, "genblk1" "genblk1" 4 46, 4 46 0, S_000002d8596d2bf0;
 .timescale -9 -12;
    .scope S_000002d8596d2bf0;
T_0 ;
    %wait E_000002d8596b9260;
    %load/vec4 v000002d8596c71d0_0;
    %nor/r;
    %flag_set/vec4 8;
    %jmp/0xz  T_0.0, 8;
    %pushi/vec4 2900435781, 0, 32;
    %assign/vec4 v000002d8596c7130_0, 0;
    %pushi/vec4 0, 0, 1;
    %assign/vec4 v000002d8596c7270_0, 0;
    %jmp T_0.1;
T_0.0 ;
    %load/vec4 v000002d8596067f0_0;
    %flag_set/vec4 8;
    %jmp/0xz  T_0.2, 8;
    %pushi/vec4 1, 0, 1;
    %assign/vec4 v000002d8596c7270_0, 0;
    %load/vec4 v000002d8596c7130_0;
    %parti/s 1, 0, 2;
    %cmpi/e 1, 0, 1;
    %jmp/0xz  T_0.4, 4;
    %load/vec4 v000002d8596c7130_0;
    %ix/load 4, 1, 0;
    %flag_set/imm 4, 0;
    %shiftr 4;
    %pushi/vec4 2149580803, 0, 32;
    %xor;
    %assign/vec4 v000002d8596c7130_0, 0;
    %jmp T_0.5;
T_0.4 ;
    %load/vec4 v000002d8596c7130_0;
    %ix/load 4, 1, 0;
    %flag_set/imm 4, 0;
    %shiftr 4;
    %assign/vec4 v000002d8596c7130_0, 0;
T_0.5 ;
    %jmp T_0.3;
T_0.2 ;
    %pushi/vec4 0, 0, 1;
    %assign/vec4 v000002d8596c7270_0, 0;
T_0.3 ;
T_0.1 ;
    %jmp T_0;
    .thread T_0;
    .scope S_000002d8596d2a60;
T_1 ;
    %wait E_000002d8596b9220;
    %load/vec4 v000002d859725680_0;
    %dup/vec4;
    %pushi/vec4 0, 0, 3;
    %cmp/u;
    %jmp/1 T_1.0, 6;
    %dup/vec4;
    %pushi/vec4 1, 0, 3;
    %cmp/u;
    %jmp/1 T_1.1, 6;
    %dup/vec4;
    %pushi/vec4 2, 0, 3;
    %cmp/u;
    %jmp/1 T_1.2, 6;
    %dup/vec4;
    %pushi/vec4 3, 0, 3;
    %cmp/u;
    %jmp/1 T_1.3, 6;
    %dup/vec4;
    %pushi/vec4 4, 0, 3;
    %cmp/u;
    %jmp/1 T_1.4, 6;
    %dup/vec4;
    %pushi/vec4 5, 0, 3;
    %cmp/u;
    %jmp/1 T_1.5, 6;
    %pushi/vec4 16383, 0, 14;
    %store/vec4 v000002d8596c45a0_0, 0, 14;
    %jmp T_1.7;
T_1.0 ;
    %pushi/vec4 15, 0, 14;
    %store/vec4 v000002d8596c45a0_0, 0, 14;
    %jmp T_1.7;
T_1.1 ;
    %pushi/vec4 63, 0, 14;
    %store/vec4 v000002d8596c45a0_0, 0, 14;
    %jmp T_1.7;
T_1.2 ;
    %pushi/vec4 255, 0, 14;
    %store/vec4 v000002d8596c45a0_0, 0, 14;
    %jmp T_1.7;
T_1.3 ;
    %pushi/vec4 1023, 0, 14;
    %store/vec4 v000002d8596c45a0_0, 0, 14;
    %jmp T_1.7;
T_1.4 ;
    %pushi/vec4 4095, 0, 14;
    %store/vec4 v000002d8596c45a0_0, 0, 14;
    %jmp T_1.7;
T_1.5 ;
    %pushi/vec4 16383, 0, 14;
    %store/vec4 v000002d8596c45a0_0, 0, 14;
    %jmp T_1.7;
T_1.7 ;
    %pop/vec4 1;
    %jmp T_1;
    .thread T_1, $push;
    .scope S_000002d8596d2a60;
T_2 ;
    %wait E_000002d8596b9260;
    %load/vec4 v000002d859724d20_0;
    %nor/r;
    %flag_set/vec4 8;
    %jmp/0xz  T_2.0, 8;
    %pushi/vec4 0, 0, 14;
    %assign/vec4 v000002d8596c4320_0, 0;
    %pushi/vec4 1, 0, 1;
    %assign/vec4 v000002d859725540_0, 0;
    %pushi/vec4 0, 0, 1;
    %assign/vec4 v000002d8597254a0_0, 0;
    %pushi/vec4 0, 0, 14;
    %assign/vec4 v000002d8596c7310_0, 0;
    %jmp T_2.1;
T_2.0 ;
    %load/vec4 v000002d8597252c0_0;
    %flag_set/vec4 10;
    %flag_get/vec4 10;
    %jmp/0 T_2.5, 10;
    %load/vec4 v000002d859725540_0;
    %nor/r;
    %and;
T_2.5;
    %flag_set/vec4 9;
    %flag_get/vec4 9;
    %jmp/0 T_2.4, 9;
    %load/vec4 v000002d8597254a0_0;
    %nor/r;
    %and;
T_2.4;
    %flag_set/vec4 8;
    %jmp/0xz  T_2.2, 8;
    %pushi/vec4 0, 0, 14;
    %assign/vec4 v000002d8596c4320_0, 0;
    %pushi/vec4 0, 0, 1;
    %assign/vec4 v000002d8597254a0_0, 0;
    %load/vec4 v000002d8596c45a0_0;
    %assign/vec4 v000002d8596c7310_0, 0;
T_2.2 ;
    %load/vec4 v000002d859725540_0;
    %flag_set/vec4 8;
    %jmp/0xz  T_2.6, 8;
    %load/vec4 v000002d859724c80_0;
    %flag_set/vec4 8;
    %jmp/0xz  T_2.8, 8;
    %load/vec4 v000002d8596c4320_0;
    %load/vec4 v000002d8596c7310_0;
    %cmp/e;
    %jmp/0xz  T_2.10, 4;
    %pushi/vec4 1, 0, 1;
    %assign/vec4 v000002d8597254a0_0, 0;
    %jmp T_2.11;
T_2.10 ;
    %load/vec4 v000002d8596c4320_0;
    %addi 1, 0, 14;
    %assign/vec4 v000002d8596c4320_0, 0;
T_2.11 ;
T_2.8 ;
    %jmp T_2.7;
T_2.6 ;
    %load/vec4 v000002d8597252c0_0;
    %nor/r;
    %flag_set/vec4 8;
    %jmp/0xz  T_2.12, 8;
    %pushi/vec4 0, 0, 1;
    %assign/vec4 v000002d8597254a0_0, 0;
T_2.12 ;
T_2.7 ;
T_2.1 ;
    %jmp T_2;
    .thread T_2;
    .scope S_000002d8596ba560;
T_3 ;
T_3.0 ;
    %delay 10000, 0;
    %load/vec4 v000002d859725360_0;
    %inv;
    %store/vec4 v000002d859725360_0, 0, 1;
    %jmp T_3.0;
    %end;
    .thread T_3;
    .scope S_000002d8596ba560;
T_4 ;
    %vpi_call 2 32 "$dumpfile", "tb_noise_filler.vcd" {0 0 0};
    %vpi_call 2 33 "$dumpvars", 32'sb00000000000000000000000000000000, S_000002d8596ba560 {0 0 0};
    %pushi/vec4 0, 0, 1;
    %store/vec4 v000002d859725360_0, 0, 1;
    %pushi/vec4 0, 0, 1;
    %store/vec4 v000002d8597255e0_0, 0, 1;
    %pushi/vec4 0, 0, 1;
    %store/vec4 v000002d859725720_0, 0, 1;
    %pushi/vec4 0, 0, 3;
    %store/vec4 v000002d859724960_0, 0, 3;
    %delay 20000, 0;
    %pushi/vec4 1, 0, 1;
    %store/vec4 v000002d8597255e0_0, 0, 1;
    %delay 20000, 0;
    %pushi/vec4 1, 0, 1;
    %store/vec4 v000002d859725720_0, 0, 1;
    %delay 20000, 0;
    %pushi/vec4 0, 0, 1;
    %store/vec4 v000002d859725720_0, 0, 1;
    %delay 1000000, 0;
    %delay 20000, 0;
    %vpi_call 2 50 "$finish" {0 0 0};
    %end;
    .thread T_4;
# The file index is used to find the file name in the following table.
:file_names 5;
    "N/A";
    "<interactive>";
    "tb_noise_filler.v";
    "./noise_matrix_filler.v";
    "./lfsr_noise_gen.v";
