#! /c/Source/iverilog-install/bin/vvp
:ivl_version "12.0 (devel)" "(s20150603-1539-g2693dd32b)";
:ivl_delay_selection "TYPICAL";
:vpi_time_precision + 0;
:vpi_module "C:\iverilog\lib\ivl\system.vpi";
:vpi_module "C:\iverilog\lib\ivl\vhdl_sys.vpi";
:vpi_module "C:\iverilog\lib\ivl\vhdl_textio.vpi";
:vpi_module "C:\iverilog\lib\ivl\v2005_math.vpi";
:vpi_module "C:\iverilog\lib\ivl\va_math.vpi";
S_00000232581aec30 .scope module, "convolution_top_CU" "convolution_top_CU" 2 1;
 .timescale 0 0;
    .port_info 0 /INPUT 1 "aresetn";
    .port_info 1 /INPUT 1 "clk";
    .port_info 2 /INPUT 1 "Load_kernel_BRAM";
    .port_info 3 /INPUT 8 "Image_size";
    .port_info 4 /INPUT 9 "Channel_size";
    .port_info 5 /INPUT 8 "kernel_BRAM_counter_out";
    .port_info 6 /INPUT 7 "window_BRAM_counter_out";
    .port_info 7 /INPUT 14 "a_output_BRAM_counter_out";
    .port_info 8 /INPUT 14 "b_output_BRAM_counter_out";
    .port_info 9 /INPUT 8 "in_row_counter";
    .port_info 10 /INPUT 8 "in_col_counter";
    .port_info 11 /INPUT 1 "s_axis_tvalid";
    .port_info 12 /INPUT 1 "s_axis_tlast";
    .port_info 13 /INPUT 1 "m_axis_tready";
    .port_info 14 /OUTPUT 1 "Wr_kernel";
    .port_info 15 /OUTPUT 1 "Rst_kernel";
    .port_info 16 /OUTPUT 1 "Rst_window";
    .port_info 17 /OUTPUT 1 "Wr_window";
    .port_info 18 /OUTPUT 1 "Shift_window";
    .port_info 19 /OUTPUT 1 "window_row_n_2_mux";
    .port_info 20 /OUTPUT 1 "window_row_n_1_mux";
    .port_info 21 /OUTPUT 1 "window_row_n_mux";
    .port_info 22 /OUTPUT 1 "enb_kernel_BRAM";
    .port_info 23 /OUTPUT 1 "enb_kernel_BRAM_addr_counter";
    .port_info 24 /OUTPUT 1 "rstb_kernel_BRAM_addr_counter";
    .port_info 25 /OUTPUT 1 "enb_window_BRAM";
    .port_info 26 /OUTPUT 1 "wea_window_BRAM";
    .port_info 27 /OUTPUT 1 "enb_window_BRAM_addr_counter";
    .port_info 28 /OUTPUT 1 "rstb_window_BRAM_addr_counter";
    .port_info 29 /OUTPUT 1 "add_bias";
    .port_info 30 /OUTPUT 1 "ena_bias_BRAM_addr_counter";
    .port_info 31 /OUTPUT 1 "rsta_bias_BRAM_addr_counter";
    .port_info 32 /OUTPUT 1 "ena_output_BRAM";
    .port_info 33 /OUTPUT 1 "wea_output_BRAM";
    .port_info 34 /OUTPUT 1 "ena_output_BRAM_addr_counter";
    .port_info 35 /OUTPUT 1 "rsta_output_BRAM_addr_counter";
    .port_info 36 /OUTPUT 1 "enb_output_BRAM";
    .port_info 37 /OUTPUT 1 "enb_output_BRAM_addr_counter";
    .port_info 38 /OUTPUT 1 "rstb_output_BRAM_addr_counter";
    .port_info 39 /OUTPUT 1 "en_in_row_counter";
    .port_info 40 /OUTPUT 1 "en_in_col_counter";
    .port_info 41 /OUTPUT 1 "rst_in_row_counter";
    .port_info 42 /OUTPUT 1 "rst_in_col_counter";
    .port_info 43 /OUTPUT 1 "s_axis_tready";
    .port_info 44 /OUTPUT 1 "m_axis_tvalid";
    .port_info 45 /OUTPUT 1 "m_axis_tlast";
P_00000232582a90a0 .param/l "S_Add_last_zero_padding" 0 2 80, C4<01001>;
P_00000232582a90d8 .param/l "S_Add_last_zero_padding_last_chan" 0 2 90, C4<10011>;
P_00000232582a9110 .param/l "S_Add_last_zero_padding_last_row" 0 2 82, C4<01011>;
P_00000232582a9148 .param/l "S_Idle" 0 2 72, C4<00001>;
P_00000232582a9180 .param/l "S_Inc_row_res_col_last_chan" 0 2 87, C4<10000>;
P_00000232582a91b8 .param/l "S_Inc_row_res_coln" 0 2 77, C4<00110>;
P_00000232582a91f0 .param/l "S_Increment_kernel_BRAM_addr_b" 0 2 83, C4<01100>;
P_00000232582a9228 .param/l "S_Loading_kernel_bram" 0 2 73, C4<00010>;
P_00000232582a9260 .param/l "S_M_axis_tlast_high" 0 2 92, C4<10101>;
P_00000232582a9298 .param/l "S_Reset" 0 2 71, C4<00000>;
P_00000232582a92d0 .param/l "S_Start_shifting_baris2selanjutnya" 0 2 79, C4<01000>;
P_00000232582a9308 .param/l "S_Start_shifting_first_row" 0 2 76, C4<00101>;
P_00000232582a9340 .param/l "S_Start_shifting_first_row_last_chan" 0 2 86, C4<01111>;
P_00000232582a9378 .param/l "S_Start_shifting_last_row" 0 2 81, C4<01010>;
P_00000232582a93b0 .param/l "S_Start_shifting_last_row_last_chan" 0 2 91, C4<10100>;
P_00000232582a93e8 .param/l "S_Start_streaming_baris2_selanjutnya_last_chan" 0 2 89, C4<10010>;
P_00000232582a9420 .param/l "S_Waiting_saxis_valid_maxis_ready_baris2selanjutnya" 0 2 78, C4<00111>;
P_00000232582a9458 .param/l "S_Waiting_saxis_valid_maxis_ready_baris2selanjutnya_last_chan" 0 2 88, C4<10001>;
P_00000232582a9490 .param/l "S_Waiting_saxis_valid_maxis_ready_first_row" 0 2 75, C4<00100>;
P_00000232582a94c8 .param/l "S_Waiting_saxis_valid_maxis_ready_first_row_last_chan" 0 2 85, C4<01110>;
P_00000232582a9500 .param/l "S_Write_kernel_reg" 0 2 74, C4<00011>;
P_00000232582a9538 .param/l "S_Write_kernel_reg_last_chan" 0 2 84, C4<01101>;
P_00000232582a9570 .param/l "state_size" 0 2 70, +C4<00000000000000000000000000000101>;
o00000232582b0088 .functor BUFZ 9, C4<zzzzzzzzz>; HiZ drive
v00000232581e8e60_0 .net "Channel_size", 8 0, o00000232582b0088;  0 drivers
o00000232582b00b8 .functor BUFZ 8, C4<zzzzzzzz>; HiZ drive
v00000232581c2eb0_0 .net "Image_size", 7 0, o00000232582b00b8;  0 drivers
o00000232582b00e8 .functor BUFZ 1, C4<z>; HiZ drive
v00000232582ad9d0_0 .net "Load_kernel_BRAM", 0 0, o00000232582b00e8;  0 drivers
v00000232582ada70_0 .var "Rst_kernel", 0 0;
v00000232582adb10_0 .var "Rst_window", 0 0;
v00000232582adbb0_0 .var "Shift_window", 0 0;
v00000232582adc50_0 .var "Wr_kernel", 0 0;
v00000232582adcf0_0 .var "Wr_window", 0 0;
o00000232582b0208 .functor BUFZ 14, C4<zzzzzzzzzzzzzz>; HiZ drive
v00000232582add90_0 .net "a_output_BRAM_counter_out", 13 0, o00000232582b0208;  0 drivers
v00000232582ade30_0 .var "add_bias", 0 0;
o00000232582b0268 .functor BUFZ 1, C4<z>; HiZ drive
v00000232582aded0_0 .net "aresetn", 0 0, o00000232582b0268;  0 drivers
o00000232582b0298 .functor BUFZ 14, C4<zzzzzzzzzzzzzz>; HiZ drive
v00000232582adf70_0 .net "b_output_BRAM_counter_out", 13 0, o00000232582b0298;  0 drivers
o00000232582b02c8 .functor BUFZ 1, C4<z>; HiZ drive
v00000232582ae010_0 .net "clk", 0 0, o00000232582b02c8;  0 drivers
v00000232582ae0b0_0 .var "current_state", 4 0;
v00000232582ae150_0 .var "en_in_col_counter", 0 0;
v0000023258300fc0_0 .var "en_in_row_counter", 0 0;
v0000023258300ca0_0 .var "ena_bias_BRAM_addr_counter", 0 0;
v00000232583007a0_0 .var "ena_output_BRAM", 0 0;
v00000232583003e0_0 .var "ena_output_BRAM_addr_counter", 0 0;
v0000023258300a20_0 .var "ena_output_BRAM_addr_counter_z_1", 0 0;
v0000023258301060_0 .var "ena_output_BRAM_z_1", 0 0;
v0000023258300840_0 .var "enb_kernel_BRAM", 0 0;
v00000232583002a0_0 .var "enb_kernel_BRAM_addr_counter", 0 0;
v00000232583005c0_0 .var "enb_output_BRAM", 0 0;
v0000023258300ac0_0 .var "enb_output_BRAM_addr_counter", 0 0;
v0000023258300660_0 .var "enb_window_BRAM", 0 0;
v00000232583008e0_0 .var "enb_window_BRAM_addr_counter", 0 0;
o00000232582b0598 .functor BUFZ 8, C4<zzzzzzzz>; HiZ drive
v0000023258300700_0 .net "in_col_counter", 7 0, o00000232582b0598;  0 drivers
o00000232582b05c8 .functor BUFZ 8, C4<zzzzzzzz>; HiZ drive
v0000023258300980_0 .net "in_row_counter", 7 0, o00000232582b05c8;  0 drivers
o00000232582b05f8 .functor BUFZ 8, C4<zzzzzzzz>; HiZ drive
v0000023258300b60_0 .net "kernel_BRAM_counter_out", 7 0, o00000232582b05f8;  0 drivers
v0000023258300480_0 .var "m_axis_tlast", 0 0;
o00000232582b0658 .functor BUFZ 1, C4<z>; HiZ drive
v0000023258300c00_0 .net "m_axis_tready", 0 0, o00000232582b0658;  0 drivers
v0000023258300de0_0 .var "m_axis_tvalid", 0 0;
v0000023258300160_0 .var "rst_in_col_counter", 0 0;
v0000023258300d40_0 .var "rst_in_row_counter", 0 0;
v0000023258300e80_0 .var "rsta_bias_BRAM_addr_counter", 0 0;
v0000023258300f20_0 .var "rsta_output_BRAM_addr_counter", 0 0;
v0000023258300200_0 .var "rsta_output_BRAM_addr_counter_z_1", 0 0;
v0000023258300340_0 .var "rstb_kernel_BRAM_addr_counter", 0 0;
v0000023258300520_0 .var "rstb_output_BRAM_addr_counter", 0 0;
v0000023258302570_0 .var "rstb_window_BRAM_addr_counter", 0 0;
o00000232582b0838 .functor BUFZ 1, C4<z>; HiZ drive
v0000023258302d90_0 .net "s_axis_tlast", 0 0, o00000232582b0838;  0 drivers
v00000232583018f0_0 .var "s_axis_tready", 0 0;
o00000232582b0898 .functor BUFZ 1, C4<z>; HiZ drive
v0000023258302b10_0 .net "s_axis_tvalid", 0 0, o00000232582b0898;  0 drivers
v0000023258301ad0_0 .var "wea_output_BRAM", 0 0;
v0000023258302e30_0 .var "wea_window_BRAM", 0 0;
o00000232582b0928 .functor BUFZ 7, C4<zzzzzzz>; HiZ drive
v0000023258301710_0 .net "window_BRAM_counter_out", 6 0, o00000232582b0928;  0 drivers
v0000023258302ed0_0 .var "window_row_n_1_mux", 0 0;
v0000023258301a30_0 .var "window_row_n_2_mux", 0 0;
v00000232583029d0_0 .var "window_row_n_mux", 0 0;
E_0000023258297560 .event anyedge, v00000232582ae0b0_0;
E_0000023258297720 .event posedge, v00000232582ae010_0;
    .scope S_00000232581aec30;
T_0 ;
    %wait E_0000023258297720;
    %load/vec4 v00000232582aded0_0;
    %nor/r;
    %flag_set/vec4 8;
    %jmp/0xz  T_0.0, 8;
    %pushi/vec4 0, 0, 1;
    %assign/vec4 v0000023258301060_0, 0;
    %pushi/vec4 0, 0, 1;
    %assign/vec4 v0000023258300a20_0, 0;
    %pushi/vec4 0, 0, 1;
    %assign/vec4 v0000023258300200_0, 0;
    %jmp T_0.1;
T_0.0 ;
    %load/vec4 v00000232583007a0_0;
    %assign/vec4 v0000023258301060_0, 0;
    %load/vec4 v00000232583003e0_0;
    %assign/vec4 v0000023258300a20_0, 0;
    %load/vec4 v0000023258300f20_0;
    %assign/vec4 v0000023258300200_0, 0;
T_0.1 ;
    %jmp T_0;
    .thread T_0;
    .scope S_00000232581aec30;
T_1 ;
    %wait E_0000023258297720;
    %load/vec4 v00000232582aded0_0;
    %nor/r;
    %flag_set/vec4 8;
    %jmp/0xz  T_1.0, 8;
    %pushi/vec4 0, 0, 5;
    %assign/vec4 v00000232582ae0b0_0, 0;
    %jmp T_1.1;
T_1.0 ;
    %load/vec4 v00000232582ae0b0_0;
    %dup/vec4;
    %pushi/vec4 0, 0, 5;
    %cmp/u;
    %jmp/1 T_1.2, 6;
    %dup/vec4;
    %pushi/vec4 1, 0, 5;
    %cmp/u;
    %jmp/1 T_1.3, 6;
    %dup/vec4;
    %pushi/vec4 2, 0, 5;
    %cmp/u;
    %jmp/1 T_1.4, 6;
    %dup/vec4;
    %pushi/vec4 3, 0, 5;
    %cmp/u;
    %jmp/1 T_1.5, 6;
    %dup/vec4;
    %pushi/vec4 4, 0, 5;
    %cmp/u;
    %jmp/1 T_1.6, 6;
    %dup/vec4;
    %pushi/vec4 5, 0, 5;
    %cmp/u;
    %jmp/1 T_1.7, 6;
    %dup/vec4;
    %pushi/vec4 6, 0, 5;
    %cmp/u;
    %jmp/1 T_1.8, 6;
    %dup/vec4;
    %pushi/vec4 7, 0, 5;
    %cmp/u;
    %jmp/1 T_1.9, 6;
    %dup/vec4;
    %pushi/vec4 8, 0, 5;
    %cmp/u;
    %jmp/1 T_1.10, 6;
    %dup/vec4;
    %pushi/vec4 9, 0, 5;
    %cmp/u;
    %jmp/1 T_1.11, 6;
    %dup/vec4;
    %pushi/vec4 10, 0, 5;
    %cmp/u;
    %jmp/1 T_1.12, 6;
    %dup/vec4;
    %pushi/vec4 11, 0, 5;
    %cmp/u;
    %jmp/1 T_1.13, 6;
    %dup/vec4;
    %pushi/vec4 12, 0, 5;
    %cmp/u;
    %jmp/1 T_1.14, 6;
    %dup/vec4;
    %pushi/vec4 13, 0, 5;
    %cmp/u;
    %jmp/1 T_1.15, 6;
    %dup/vec4;
    %pushi/vec4 14, 0, 5;
    %cmp/u;
    %jmp/1 T_1.16, 6;
    %dup/vec4;
    %pushi/vec4 15, 0, 5;
    %cmp/u;
    %jmp/1 T_1.17, 6;
    %dup/vec4;
    %pushi/vec4 16, 0, 5;
    %cmp/u;
    %jmp/1 T_1.18, 6;
    %dup/vec4;
    %pushi/vec4 17, 0, 5;
    %cmp/u;
    %jmp/1 T_1.19, 6;
    %dup/vec4;
    %pushi/vec4 18, 0, 5;
    %cmp/u;
    %jmp/1 T_1.20, 6;
    %dup/vec4;
    %pushi/vec4 19, 0, 5;
    %cmp/u;
    %jmp/1 T_1.21, 6;
    %dup/vec4;
    %pushi/vec4 20, 0, 5;
    %cmp/u;
    %jmp/1 T_1.22, 6;
    %dup/vec4;
    %pushi/vec4 21, 0, 5;
    %cmp/u;
    %jmp/1 T_1.23, 6;
    %pushi/vec4 0, 0, 5;
    %assign/vec4 v00000232582ae0b0_0, 0;
    %jmp T_1.25;
T_1.2 ;
    %pushi/vec4 1, 0, 5;
    %assign/vec4 v00000232582ae0b0_0, 0;
    %jmp T_1.25;
T_1.3 ;
    %load/vec4 v00000232582ad9d0_0;
    %flag_set/vec4 8;
    %jmp/0xz  T_1.26, 8;
    %pushi/vec4 2, 0, 5;
    %assign/vec4 v00000232582ae0b0_0, 0;
    %jmp T_1.27;
T_1.26 ;
    %pushi/vec4 1, 0, 5;
    %assign/vec4 v00000232582ae0b0_0, 0;
T_1.27 ;
    %jmp T_1.25;
T_1.4 ;
    %load/vec4 v00000232582ad9d0_0;
    %nor/r;
    %flag_set/vec4 8;
    %jmp/0xz  T_1.28, 8;
    %pushi/vec4 3, 0, 5;
    %assign/vec4 v00000232582ae0b0_0, 0;
    %jmp T_1.29;
T_1.28 ;
    %pushi/vec4 2, 0, 5;
    %assign/vec4 v00000232582ae0b0_0, 0;
T_1.29 ;
    %jmp T_1.25;
T_1.5 ;
    %pushi/vec4 4, 0, 5;
    %assign/vec4 v00000232582ae0b0_0, 0;
    %jmp T_1.25;
T_1.6 ;
    %load/vec4 v0000023258302b10_0;
    %flag_set/vec4 9;
    %flag_get/vec4 9;
    %jmp/0 T_1.32, 9;
    %load/vec4 v0000023258300c00_0;
    %and;
T_1.32;
    %flag_set/vec4 8;
    %jmp/0xz  T_1.30, 8;
    %pushi/vec4 5, 0, 5;
    %assign/vec4 v00000232582ae0b0_0, 0;
    %jmp T_1.31;
T_1.30 ;
    %pushi/vec4 4, 0, 5;
    %assign/vec4 v00000232582ae0b0_0, 0;
T_1.31 ;
    %jmp T_1.25;
T_1.7 ;
    %load/vec4 v0000023258302b10_0;
    %nor/r;
    %flag_set/vec4 8;
    %jmp/1 T_1.35, 8;
    %load/vec4 v0000023258300c00_0;
    %nor/r;
    %flag_set/vec4 9;
    %flag_or 8, 9;
T_1.35;
    %jmp/0xz  T_1.33, 8;
    %pushi/vec4 4, 0, 5;
    %assign/vec4 v00000232582ae0b0_0, 0;
    %jmp T_1.34;
T_1.33 ;
    %load/vec4 v0000023258300700_0;
    %load/vec4 v00000232581c2eb0_0;
    %cmp/e;
    %jmp/0xz  T_1.36, 4;
    %pushi/vec4 6, 0, 5;
    %assign/vec4 v00000232582ae0b0_0, 0;
    %jmp T_1.37;
T_1.36 ;
    %pushi/vec4 5, 0, 5;
    %assign/vec4 v00000232582ae0b0_0, 0;
T_1.37 ;
T_1.34 ;
    %jmp T_1.25;
T_1.8 ;
    %pushi/vec4 7, 0, 5;
    %assign/vec4 v00000232582ae0b0_0, 0;
    %jmp T_1.25;
T_1.9 ;
    %load/vec4 v0000023258302b10_0;
    %flag_set/vec4 9;
    %flag_get/vec4 9;
    %jmp/0 T_1.40, 9;
    %load/vec4 v0000023258300c00_0;
    %and;
T_1.40;
    %flag_set/vec4 8;
    %jmp/0xz  T_1.38, 8;
    %pushi/vec4 8, 0, 5;
    %assign/vec4 v00000232582ae0b0_0, 0;
    %jmp T_1.39;
T_1.38 ;
    %pushi/vec4 7, 0, 5;
    %assign/vec4 v00000232582ae0b0_0, 0;
T_1.39 ;
    %jmp T_1.25;
T_1.10 ;
    %load/vec4 v0000023258302b10_0;
    %nor/r;
    %flag_set/vec4 8;
    %jmp/1 T_1.43, 8;
    %load/vec4 v0000023258300c00_0;
    %nor/r;
    %flag_set/vec4 9;
    %flag_or 8, 9;
T_1.43;
    %jmp/0xz  T_1.41, 8;
    %pushi/vec4 7, 0, 5;
    %assign/vec4 v00000232582ae0b0_0, 0;
    %jmp T_1.42;
T_1.41 ;
    %load/vec4 v0000023258300700_0;
    %load/vec4 v00000232581c2eb0_0;
    %cmp/e;
    %jmp/0xz  T_1.44, 4;
    %pushi/vec4 9, 0, 5;
    %assign/vec4 v00000232582ae0b0_0, 0;
    %jmp T_1.45;
T_1.44 ;
    %pushi/vec4 8, 0, 5;
    %assign/vec4 v00000232582ae0b0_0, 0;
T_1.45 ;
T_1.42 ;
    %jmp T_1.25;
T_1.11 ;
    %load/vec4 v0000023258300980_0;
    %load/vec4 v00000232581c2eb0_0;
    %cmp/e;
    %jmp/0xz  T_1.46, 4;
    %pushi/vec4 10, 0, 5;
    %assign/vec4 v00000232582ae0b0_0, 0;
    %jmp T_1.47;
T_1.46 ;
    %pushi/vec4 7, 0, 5;
    %assign/vec4 v00000232582ae0b0_0, 0;
T_1.47 ;
    %jmp T_1.25;
T_1.12 ;
    %load/vec4 v0000023258300700_0;
    %load/vec4 v00000232581c2eb0_0;
    %cmp/e;
    %jmp/0xz  T_1.48, 4;
    %pushi/vec4 11, 0, 5;
    %assign/vec4 v00000232582ae0b0_0, 0;
    %jmp T_1.49;
T_1.48 ;
    %pushi/vec4 10, 0, 5;
    %assign/vec4 v00000232582ae0b0_0, 0;
T_1.49 ;
    %jmp T_1.25;
T_1.13 ;
    %pushi/vec4 12, 0, 5;
    %assign/vec4 v00000232582ae0b0_0, 0;
    %jmp T_1.25;
T_1.14 ;
    %load/vec4 v0000023258300b60_0;
    %pad/u 32;
    %load/vec4 v00000232581e8e60_0;
    %pad/u 32;
    %subi 2, 0, 32;
    %cmp/e;
    %jmp/0xz  T_1.50, 4;
    %pushi/vec4 13, 0, 5;
    %assign/vec4 v00000232582ae0b0_0, 0;
    %jmp T_1.51;
T_1.50 ;
    %pushi/vec4 3, 0, 5;
    %assign/vec4 v00000232582ae0b0_0, 0;
T_1.51 ;
    %jmp T_1.25;
T_1.15 ;
    %pushi/vec4 14, 0, 5;
    %assign/vec4 v00000232582ae0b0_0, 0;
    %jmp T_1.25;
T_1.16 ;
    %load/vec4 v0000023258302b10_0;
    %flag_set/vec4 9;
    %flag_get/vec4 9;
    %jmp/0 T_1.54, 9;
    %load/vec4 v0000023258300c00_0;
    %and;
T_1.54;
    %flag_set/vec4 8;
    %jmp/0xz  T_1.52, 8;
    %pushi/vec4 15, 0, 5;
    %assign/vec4 v00000232582ae0b0_0, 0;
    %jmp T_1.53;
T_1.52 ;
    %pushi/vec4 14, 0, 5;
    %assign/vec4 v00000232582ae0b0_0, 0;
T_1.53 ;
    %jmp T_1.25;
T_1.17 ;
    %load/vec4 v0000023258302b10_0;
    %nor/r;
    %flag_set/vec4 8;
    %jmp/1 T_1.57, 8;
    %load/vec4 v0000023258300c00_0;
    %nor/r;
    %flag_set/vec4 9;
    %flag_or 8, 9;
T_1.57;
    %jmp/0xz  T_1.55, 8;
    %pushi/vec4 14, 0, 5;
    %assign/vec4 v00000232582ae0b0_0, 0;
    %jmp T_1.56;
T_1.55 ;
    %load/vec4 v0000023258300700_0;
    %load/vec4 v00000232581c2eb0_0;
    %cmp/e;
    %jmp/0xz  T_1.58, 4;
    %pushi/vec4 16, 0, 5;
    %assign/vec4 v00000232582ae0b0_0, 0;
    %jmp T_1.59;
T_1.58 ;
    %pushi/vec4 15, 0, 5;
    %assign/vec4 v00000232582ae0b0_0, 0;
T_1.59 ;
T_1.56 ;
    %jmp T_1.25;
T_1.18 ;
    %pushi/vec4 17, 0, 5;
    %assign/vec4 v00000232582ae0b0_0, 0;
    %jmp T_1.25;
T_1.19 ;
    %load/vec4 v0000023258302b10_0;
    %flag_set/vec4 9;
    %flag_get/vec4 9;
    %jmp/0 T_1.62, 9;
    %load/vec4 v0000023258300c00_0;
    %and;
T_1.62;
    %flag_set/vec4 8;
    %jmp/0xz  T_1.60, 8;
    %pushi/vec4 18, 0, 5;
    %assign/vec4 v00000232582ae0b0_0, 0;
    %jmp T_1.61;
T_1.60 ;
    %pushi/vec4 17, 0, 5;
    %assign/vec4 v00000232582ae0b0_0, 0;
T_1.61 ;
    %jmp T_1.25;
T_1.20 ;
    %load/vec4 v0000023258302b10_0;
    %nor/r;
    %flag_set/vec4 8;
    %jmp/1 T_1.65, 8;
    %load/vec4 v0000023258300c00_0;
    %nor/r;
    %flag_set/vec4 9;
    %flag_or 8, 9;
T_1.65;
    %jmp/0xz  T_1.63, 8;
    %pushi/vec4 17, 0, 5;
    %assign/vec4 v00000232582ae0b0_0, 0;
    %jmp T_1.64;
T_1.63 ;
    %load/vec4 v0000023258300700_0;
    %load/vec4 v00000232581c2eb0_0;
    %cmp/e;
    %jmp/0xz  T_1.66, 4;
    %pushi/vec4 19, 0, 5;
    %assign/vec4 v00000232582ae0b0_0, 0;
    %jmp T_1.67;
T_1.66 ;
    %pushi/vec4 18, 0, 5;
    %assign/vec4 v00000232582ae0b0_0, 0;
T_1.67 ;
T_1.64 ;
    %jmp T_1.25;
T_1.21 ;
    %load/vec4 v0000023258300980_0;
    %load/vec4 v00000232581c2eb0_0;
    %cmp/e;
    %jmp/0xz  T_1.68, 4;
    %pushi/vec4 20, 0, 5;
    %assign/vec4 v00000232582ae0b0_0, 0;
    %jmp T_1.69;
T_1.68 ;
    %pushi/vec4 17, 0, 5;
    %assign/vec4 v00000232582ae0b0_0, 0;
T_1.69 ;
    %jmp T_1.25;
T_1.22 ;
    %load/vec4 v0000023258300700_0;
    %pad/u 32;
    %load/vec4 v00000232581c2eb0_0;
    %pad/u 32;
    %addi 1, 0, 32;
    %cmp/e;
    %jmp/0xz  T_1.70, 4;
    %pushi/vec4 21, 0, 5;
    %assign/vec4 v00000232582ae0b0_0, 0;
    %jmp T_1.71;
T_1.70 ;
    %pushi/vec4 20, 0, 5;
    %assign/vec4 v00000232582ae0b0_0, 0;
T_1.71 ;
    %jmp T_1.25;
T_1.23 ;
    %pushi/vec4 1, 0, 5;
    %assign/vec4 v00000232582ae0b0_0, 0;
    %jmp T_1.25;
T_1.25 ;
    %pop/vec4 1;
T_1.1 ;
    %jmp T_1;
    .thread T_1;
    .scope S_00000232581aec30;
T_2 ;
    %wait E_0000023258297560;
    %load/vec4 v00000232582ae0b0_0;
    %dup/vec4;
    %pushi/vec4 0, 0, 5;
    %cmp/u;
    %jmp/1 T_2.0, 6;
    %dup/vec4;
    %pushi/vec4 1, 0, 5;
    %cmp/u;
    %jmp/1 T_2.1, 6;
    %dup/vec4;
    %pushi/vec4 2, 0, 5;
    %cmp/u;
    %jmp/1 T_2.2, 6;
    %dup/vec4;
    %pushi/vec4 3, 0, 5;
    %cmp/u;
    %jmp/1 T_2.3, 6;
    %dup/vec4;
    %pushi/vec4 4, 0, 5;
    %cmp/u;
    %jmp/1 T_2.4, 6;
    %dup/vec4;
    %pushi/vec4 5, 0, 5;
    %cmp/u;
    %jmp/1 T_2.5, 6;
    %dup/vec4;
    %pushi/vec4 6, 0, 5;
    %cmp/u;
    %jmp/1 T_2.6, 6;
    %dup/vec4;
    %pushi/vec4 7, 0, 5;
    %cmp/u;
    %jmp/1 T_2.7, 6;
    %dup/vec4;
    %pushi/vec4 8, 0, 5;
    %cmp/u;
    %jmp/1 T_2.8, 6;
    %dup/vec4;
    %pushi/vec4 9, 0, 5;
    %cmp/u;
    %jmp/1 T_2.9, 6;
    %dup/vec4;
    %pushi/vec4 10, 0, 5;
    %cmp/u;
    %jmp/1 T_2.10, 6;
    %dup/vec4;
    %pushi/vec4 11, 0, 5;
    %cmp/u;
    %jmp/1 T_2.11, 6;
    %dup/vec4;
    %pushi/vec4 12, 0, 5;
    %cmp/u;
    %jmp/1 T_2.12, 6;
    %dup/vec4;
    %pushi/vec4 13, 0, 5;
    %cmp/u;
    %jmp/1 T_2.13, 6;
    %dup/vec4;
    %pushi/vec4 14, 0, 5;
    %cmp/u;
    %jmp/1 T_2.14, 6;
    %dup/vec4;
    %pushi/vec4 15, 0, 5;
    %cmp/u;
    %jmp/1 T_2.15, 6;
    %dup/vec4;
    %pushi/vec4 16, 0, 5;
    %cmp/u;
    %jmp/1 T_2.16, 6;
    %dup/vec4;
    %pushi/vec4 17, 0, 5;
    %cmp/u;
    %jmp/1 T_2.17, 6;
    %dup/vec4;
    %pushi/vec4 18, 0, 5;
    %cmp/u;
    %jmp/1 T_2.18, 6;
    %dup/vec4;
    %pushi/vec4 19, 0, 5;
    %cmp/u;
    %jmp/1 T_2.19, 6;
    %dup/vec4;
    %pushi/vec4 20, 0, 5;
    %cmp/u;
    %jmp/1 T_2.20, 6;
    %dup/vec4;
    %pushi/vec4 21, 0, 5;
    %cmp/u;
    %jmp/1 T_2.21, 6;
    %pushi/vec4 0, 0, 1;
    %assign/vec4 v00000232582adc50_0, 0;
    %pushi/vec4 0, 0, 1;
    %assign/vec4 v00000232582ada70_0, 0;
    %pushi/vec4 0, 0, 1;
    %assign/vec4 v00000232582adb10_0, 0;
    %pushi/vec4 0, 0, 1;
    %assign/vec4 v00000232582adcf0_0, 0;
    %pushi/vec4 0, 0, 1;
    %assign/vec4 v00000232582adbb0_0, 0;
    %pushi/vec4 0, 0, 1;
    %assign/vec4 v0000023258301a30_0, 0;
    %pushi/vec4 0, 0, 1;
    %assign/vec4 v0000023258302ed0_0, 0;
    %pushi/vec4 0, 0, 1;
    %assign/vec4 v00000232583029d0_0, 0;
    %pushi/vec4 0, 0, 1;
    %assign/vec4 v0000023258300840_0, 0;
    %pushi/vec4 0, 0, 1;
    %assign/vec4 v00000232583002a0_0, 0;
    %pushi/vec4 0, 0, 1;
    %assign/vec4 v0000023258300340_0, 0;
    %pushi/vec4 0, 0, 1;
    %assign/vec4 v0000023258300660_0, 0;
    %pushi/vec4 0, 0, 1;
    %assign/vec4 v0000023258302e30_0, 0;
    %pushi/vec4 0, 0, 1;
    %assign/vec4 v00000232583008e0_0, 0;
    %pushi/vec4 0, 0, 1;
    %assign/vec4 v0000023258302570_0, 0;
    %pushi/vec4 0, 0, 1;
    %assign/vec4 v00000232582ade30_0, 0;
    %pushi/vec4 0, 0, 1;
    %assign/vec4 v0000023258300ca0_0, 0;
    %pushi/vec4 0, 0, 1;
    %assign/vec4 v0000023258300e80_0, 0;
    %pushi/vec4 0, 0, 1;
    %assign/vec4 v00000232583007a0_0, 0;
    %pushi/vec4 0, 0, 1;
    %assign/vec4 v0000023258301ad0_0, 0;
    %pushi/vec4 0, 0, 1;
    %assign/vec4 v00000232583003e0_0, 0;
    %pushi/vec4 0, 0, 1;
    %assign/vec4 v0000023258300f20_0, 0;
    %pushi/vec4 0, 0, 1;
    %assign/vec4 v00000232583005c0_0, 0;
    %pushi/vec4 0, 0, 1;
    %assign/vec4 v0000023258300ac0_0, 0;
    %pushi/vec4 0, 0, 1;
    %assign/vec4 v0000023258300520_0, 0;
    %pushi/vec4 0, 0, 1;
    %assign/vec4 v0000023258300fc0_0, 0;
    %pushi/vec4 0, 0, 1;
    %assign/vec4 v00000232582ae150_0, 0;
    %pushi/vec4 0, 0, 1;
    %assign/vec4 v0000023258300d40_0, 0;
    %pushi/vec4 0, 0, 1;
    %assign/vec4 v0000023258300160_0, 0;
    %pushi/vec4 0, 0, 1;
    %assign/vec4 v00000232583018f0_0, 0;
    %pushi/vec4 0, 0, 1;
    %assign/vec4 v0000023258300de0_0, 0;
    %pushi/vec4 0, 0, 1;
    %assign/vec4 v0000023258300480_0, 0;
    %jmp T_2.23;
T_2.0 ;
    %pushi/vec4 0, 0, 1;
    %assign/vec4 v00000232582adc50_0, 0;
    %pushi/vec4 0, 0, 1;
    %assign/vec4 v00000232582ada70_0, 0;
    %pushi/vec4 0, 0, 1;
    %assign/vec4 v00000232582adb10_0, 0;
    %pushi/vec4 0, 0, 1;
    %assign/vec4 v00000232582adcf0_0, 0;
    %pushi/vec4 0, 0, 1;
    %assign/vec4 v00000232582adbb0_0, 0;
    %pushi/vec4 0, 0, 1;
    %assign/vec4 v0000023258301a30_0, 0;
    %pushi/vec4 0, 0, 1;
    %assign/vec4 v0000023258302ed0_0, 0;
    %pushi/vec4 0, 0, 1;
    %assign/vec4 v00000232583029d0_0, 0;
    %pushi/vec4 0, 0, 1;
    %assign/vec4 v0000023258300840_0, 0;
    %pushi/vec4 0, 0, 1;
    %assign/vec4 v00000232583002a0_0, 0;
    %pushi/vec4 0, 0, 1;
    %assign/vec4 v0000023258300340_0, 0;
    %pushi/vec4 0, 0, 1;
    %assign/vec4 v0000023258300660_0, 0;
    %pushi/vec4 0, 0, 1;
    %assign/vec4 v0000023258302e30_0, 0;
    %pushi/vec4 0, 0, 1;
    %assign/vec4 v00000232583008e0_0, 0;
    %pushi/vec4 0, 0, 1;
    %assign/vec4 v0000023258302570_0, 0;
    %pushi/vec4 0, 0, 1;
    %assign/vec4 v00000232582ade30_0, 0;
    %pushi/vec4 0, 0, 1;
    %assign/vec4 v0000023258300ca0_0, 0;
    %pushi/vec4 0, 0, 1;
    %assign/vec4 v0000023258300e80_0, 0;
    %pushi/vec4 0, 0, 1;
    %assign/vec4 v00000232583007a0_0, 0;
    %pushi/vec4 0, 0, 1;
    %assign/vec4 v0000023258301ad0_0, 0;
    %pushi/vec4 0, 0, 1;
    %assign/vec4 v00000232583003e0_0, 0;
    %pushi/vec4 0, 0, 1;
    %assign/vec4 v0000023258300f20_0, 0;
    %pushi/vec4 0, 0, 1;
    %assign/vec4 v00000232583005c0_0, 0;
    %pushi/vec4 0, 0, 1;
    %assign/vec4 v0000023258300ac0_0, 0;
    %pushi/vec4 0, 0, 1;
    %assign/vec4 v0000023258300520_0, 0;
    %pushi/vec4 0, 0, 1;
    %assign/vec4 v0000023258300fc0_0, 0;
    %pushi/vec4 0, 0, 1;
    %assign/vec4 v00000232582ae150_0, 0;
    %pushi/vec4 0, 0, 1;
    %assign/vec4 v0000023258300d40_0, 0;
    %pushi/vec4 0, 0, 1;
    %assign/vec4 v0000023258300160_0, 0;
    %pushi/vec4 0, 0, 1;
    %assign/vec4 v00000232583018f0_0, 0;
    %pushi/vec4 0, 0, 1;
    %assign/vec4 v0000023258300de0_0, 0;
    %pushi/vec4 0, 0, 1;
    %assign/vec4 v0000023258300480_0, 0;
    %jmp T_2.23;
T_2.1 ;
    %pushi/vec4 0, 0, 1;
    %assign/vec4 v00000232582adc50_0, 0;
    %pushi/vec4 1, 0, 1;
    %assign/vec4 v00000232582ada70_0, 0;
    %pushi/vec4 1, 0, 1;
    %assign/vec4 v00000232582adb10_0, 0;
    %pushi/vec4 1, 0, 1;
    %assign/vec4 v00000232582adcf0_0, 0;
    %pushi/vec4 0, 0, 1;
    %assign/vec4 v00000232582adbb0_0, 0;
    %pushi/vec4 0, 0, 1;
    %assign/vec4 v0000023258301a30_0, 0;
    %pushi/vec4 0, 0, 1;
    %assign/vec4 v0000023258302ed0_0, 0;
    %pushi/vec4 0, 0, 1;
    %assign/vec4 v00000232583029d0_0, 0;
    %pushi/vec4 0, 0, 1;
    %assign/vec4 v0000023258300840_0, 0;
    %pushi/vec4 0, 0, 1;
    %assign/vec4 v00000232583002a0_0, 0;
    %pushi/vec4 1, 0, 1;
    %assign/vec4 v0000023258300340_0, 0;
    %pushi/vec4 0, 0, 1;
    %assign/vec4 v0000023258300660_0, 0;
    %pushi/vec4 0, 0, 1;
    %assign/vec4 v0000023258302e30_0, 0;
    %pushi/vec4 0, 0, 1;
    %assign/vec4 v00000232583008e0_0, 0;
    %pushi/vec4 1, 0, 1;
    %assign/vec4 v0000023258302570_0, 0;
    %pushi/vec4 1, 0, 1;
    %assign/vec4 v00000232582ade30_0, 0;
    %pushi/vec4 0, 0, 1;
    %assign/vec4 v0000023258300ca0_0, 0;
    %pushi/vec4 1, 0, 1;
    %assign/vec4 v0000023258300e80_0, 0;
    %pushi/vec4 0, 0, 1;
    %assign/vec4 v00000232583007a0_0, 0;
    %pushi/vec4 0, 0, 1;
    %assign/vec4 v0000023258301ad0_0, 0;
    %pushi/vec4 0, 0, 1;
    %assign/vec4 v00000232583003e0_0, 0;
    %pushi/vec4 1, 0, 1;
    %assign/vec4 v0000023258300f20_0, 0;
    %pushi/vec4 0, 0, 1;
    %assign/vec4 v00000232583005c0_0, 0;
    %pushi/vec4 0, 0, 1;
    %assign/vec4 v0000023258300ac0_0, 0;
    %pushi/vec4 0, 0, 1;
    %assign/vec4 v0000023258300520_0, 0;
    %pushi/vec4 0, 0, 1;
    %assign/vec4 v0000023258300fc0_0, 0;
    %pushi/vec4 0, 0, 1;
    %assign/vec4 v00000232582ae150_0, 0;
    %pushi/vec4 0, 0, 1;
    %assign/vec4 v0000023258300d40_0, 0;
    %pushi/vec4 0, 0, 1;
    %assign/vec4 v0000023258300160_0, 0;
    %pushi/vec4 0, 0, 1;
    %assign/vec4 v00000232583018f0_0, 0;
    %pushi/vec4 0, 0, 1;
    %assign/vec4 v0000023258300de0_0, 0;
    %pushi/vec4 0, 0, 1;
    %assign/vec4 v0000023258300480_0, 0;
    %jmp T_2.23;
T_2.2 ;
    %pushi/vec4 0, 0, 1;
    %assign/vec4 v00000232582adc50_0, 0;
    %pushi/vec4 1, 0, 1;
    %assign/vec4 v00000232582ada70_0, 0;
    %pushi/vec4 1, 0, 1;
    %assign/vec4 v00000232582adb10_0, 0;
    %pushi/vec4 1, 0, 1;
    %assign/vec4 v00000232582adcf0_0, 0;
    %pushi/vec4 0, 0, 1;
    %assign/vec4 v00000232582adbb0_0, 0;
    %pushi/vec4 0, 0, 1;
    %assign/vec4 v0000023258301a30_0, 0;
    %pushi/vec4 0, 0, 1;
    %assign/vec4 v0000023258302ed0_0, 0;
    %pushi/vec4 0, 0, 1;
    %assign/vec4 v00000232583029d0_0, 0;
    %pushi/vec4 0, 0, 1;
    %assign/vec4 v0000023258300840_0, 0;
    %pushi/vec4 0, 0, 1;
    %assign/vec4 v00000232583002a0_0, 0;
    %pushi/vec4 1, 0, 1;
    %assign/vec4 v0000023258300340_0, 0;
    %pushi/vec4 0, 0, 1;
    %assign/vec4 v0000023258300660_0, 0;
    %pushi/vec4 0, 0, 1;
    %assign/vec4 v0000023258302e30_0, 0;
    %pushi/vec4 0, 0, 1;
    %assign/vec4 v00000232583008e0_0, 0;
    %pushi/vec4 1, 0, 1;
    %assign/vec4 v0000023258302570_0, 0;
    %pushi/vec4 1, 0, 1;
    %assign/vec4 v00000232582ade30_0, 0;
    %pushi/vec4 0, 0, 1;
    %assign/vec4 v0000023258300ca0_0, 0;
    %pushi/vec4 1, 0, 1;
    %assign/vec4 v0000023258300e80_0, 0;
    %pushi/vec4 0, 0, 1;
    %assign/vec4 v00000232583007a0_0, 0;
    %pushi/vec4 0, 0, 1;
    %assign/vec4 v0000023258301ad0_0, 0;
    %pushi/vec4 0, 0, 1;
    %assign/vec4 v00000232583003e0_0, 0;
    %pushi/vec4 1, 0, 1;
    %assign/vec4 v0000023258300f20_0, 0;
    %pushi/vec4 0, 0, 1;
    %assign/vec4 v00000232583005c0_0, 0;
    %pushi/vec4 0, 0, 1;
    %assign/vec4 v0000023258300ac0_0, 0;
    %pushi/vec4 1, 0, 1;
    %assign/vec4 v0000023258300520_0, 0;
    %pushi/vec4 0, 0, 1;
    %assign/vec4 v0000023258300fc0_0, 0;
    %pushi/vec4 0, 0, 1;
    %assign/vec4 v00000232582ae150_0, 0;
    %pushi/vec4 1, 0, 1;
    %assign/vec4 v0000023258300d40_0, 0;
    %pushi/vec4 1, 0, 1;
    %assign/vec4 v0000023258300160_0, 0;
    %pushi/vec4 0, 0, 1;
    %assign/vec4 v00000232583018f0_0, 0;
    %pushi/vec4 0, 0, 1;
    %assign/vec4 v0000023258300de0_0, 0;
    %pushi/vec4 0, 0, 1;
    %assign/vec4 v0000023258300480_0, 0;
    %jmp T_2.23;
T_2.3 ;
    %pushi/vec4 1, 0, 1;
    %assign/vec4 v00000232582adc50_0, 0;
    %pushi/vec4 1, 0, 1;
    %assign/vec4 v00000232582ada70_0, 0;
    %pushi/vec4 1, 0, 1;
    %assign/vec4 v00000232582adb10_0, 0;
    %pushi/vec4 1, 0, 1;
    %assign/vec4 v00000232582adcf0_0, 0;
    %pushi/vec4 1, 0, 1;
    %assign/vec4 v00000232582adbb0_0, 0;
    %pushi/vec4 0, 0, 1;
    %assign/vec4 v0000023258301a30_0, 0;
    %pushi/vec4 0, 0, 1;
    %assign/vec4 v0000023258302ed0_0, 0;
    %pushi/vec4 0, 0, 1;
    %assign/vec4 v00000232583029d0_0, 0;
    %pushi/vec4 1, 0, 1;
    %assign/vec4 v0000023258300840_0, 0;
    %pushi/vec4 0, 0, 1;
    %assign/vec4 v00000232583002a0_0, 0;
    %pushi/vec4 1, 0, 1;
    %assign/vec4 v0000023258300340_0, 0;
    %pushi/vec4 0, 0, 1;
    %assign/vec4 v0000023258300660_0, 0;
    %pushi/vec4 0, 0, 1;
    %assign/vec4 v0000023258302e30_0, 0;
    %pushi/vec4 0, 0, 1;
    %assign/vec4 v00000232583008e0_0, 0;
    %pushi/vec4 1, 0, 1;
    %assign/vec4 v0000023258302570_0, 0;
    %pushi/vec4 1, 0, 1;
    %assign/vec4 v00000232582ade30_0, 0;
    %pushi/vec4 0, 0, 1;
    %assign/vec4 v0000023258300ca0_0, 0;
    %pushi/vec4 1, 0, 1;
    %assign/vec4 v0000023258300e80_0, 0;
    %pushi/vec4 0, 0, 1;
    %assign/vec4 v00000232583007a0_0, 0;
    %pushi/vec4 0, 0, 1;
    %assign/vec4 v0000023258301ad0_0, 0;
    %pushi/vec4 0, 0, 1;
    %assign/vec4 v00000232583003e0_0, 0;
    %pushi/vec4 1, 0, 1;
    %assign/vec4 v0000023258300f20_0, 0;
    %pushi/vec4 0, 0, 1;
    %assign/vec4 v00000232583005c0_0, 0;
    %pushi/vec4 0, 0, 1;
    %assign/vec4 v0000023258300ac0_0, 0;
    %pushi/vec4 1, 0, 1;
    %assign/vec4 v0000023258300520_0, 0;
    %pushi/vec4 0, 0, 1;
    %assign/vec4 v0000023258300fc0_0, 0;
    %pushi/vec4 1, 0, 1;
    %assign/vec4 v00000232582ae150_0, 0;
    %pushi/vec4 1, 0, 1;
    %assign/vec4 v0000023258300d40_0, 0;
    %pushi/vec4 1, 0, 1;
    %assign/vec4 v0000023258300160_0, 0;
    %pushi/vec4 0, 0, 1;
    %assign/vec4 v00000232583018f0_0, 0;
    %pushi/vec4 0, 0, 1;
    %assign/vec4 v0000023258300de0_0, 0;
    %pushi/vec4 0, 0, 1;
    %assign/vec4 v0000023258300480_0, 0;
    %jmp T_2.23;
T_2.4 ;
    %pushi/vec4 0, 0, 1;
    %assign/vec4 v00000232582adc50_0, 0;
    %pushi/vec4 1, 0, 1;
    %assign/vec4 v00000232582ada70_0, 0;
    %pushi/vec4 1, 0, 1;
    %assign/vec4 v00000232582adb10_0, 0;
    %pushi/vec4 0, 0, 1;
    %assign/vec4 v00000232582adcf0_0, 0;
    %pushi/vec4 0, 0, 1;
    %assign/vec4 v00000232582adbb0_0, 0;
    %pushi/vec4 0, 0, 1;
    %assign/vec4 v0000023258301a30_0, 0;
    %pushi/vec4 1, 0, 1;
    %assign/vec4 v0000023258302ed0_0, 0;
    %pushi/vec4 1, 0, 1;
    %assign/vec4 v00000232583029d0_0, 0;
    %pushi/vec4 0, 0, 1;
    %assign/vec4 v0000023258300840_0, 0;
    %pushi/vec4 0, 0, 1;
    %assign/vec4 v00000232583002a0_0, 0;
    %pushi/vec4 1, 0, 1;
    %assign/vec4 v0000023258300340_0, 0;
    %pushi/vec4 1, 0, 1;
    %assign/vec4 v0000023258300660_0, 0;
    %pushi/vec4 1, 0, 1;
    %assign/vec4 v0000023258302e30_0, 0;
    %pushi/vec4 0, 0, 1;
    %assign/vec4 v00000232583008e0_0, 0;
    %pushi/vec4 1, 0, 1;
    %assign/vec4 v0000023258302570_0, 0;
    %load/vec4 v0000023258300b60_0;
    %pad/u 32;
    %cmpi/u 1, 0, 32;
    %flag_get/vec4 5;
    %assign/vec4 v00000232582ade30_0, 0;
    %pushi/vec4 0, 0, 1;
    %assign/vec4 v0000023258300ca0_0, 0;
    %pushi/vec4 1, 0, 1;
    %assign/vec4 v0000023258300e80_0, 0;
    %pushi/vec4 0, 0, 1;
    %assign/vec4 v00000232583007a0_0, 0;
    %pushi/vec4 0, 0, 1;
    %assign/vec4 v0000023258301ad0_0, 0;
    %pushi/vec4 0, 0, 1;
    %assign/vec4 v00000232583003e0_0, 0;
    %pushi/vec4 1, 0, 1;
    %assign/vec4 v0000023258300f20_0, 0;
    %pushi/vec4 0, 0, 1;
    %assign/vec4 v00000232583005c0_0, 0;
    %pushi/vec4 0, 0, 1;
    %assign/vec4 v0000023258300ac0_0, 0;
    %pushi/vec4 1, 0, 1;
    %assign/vec4 v0000023258300520_0, 0;
    %pushi/vec4 0, 0, 1;
    %assign/vec4 v0000023258300fc0_0, 0;
    %pushi/vec4 0, 0, 1;
    %assign/vec4 v00000232582ae150_0, 0;
    %pushi/vec4 1, 0, 1;
    %assign/vec4 v0000023258300d40_0, 0;
    %pushi/vec4 1, 0, 1;
    %assign/vec4 v0000023258300160_0, 0;
    %pushi/vec4 1, 0, 1;
    %assign/vec4 v00000232583018f0_0, 0;
    %pushi/vec4 0, 0, 1;
    %assign/vec4 v0000023258300de0_0, 0;
    %pushi/vec4 0, 0, 1;
    %assign/vec4 v0000023258300480_0, 0;
    %jmp T_2.23;
T_2.5 ;
    %pushi/vec4 0, 0, 1;
    %assign/vec4 v00000232582adc50_0, 0;
    %pushi/vec4 1, 0, 1;
    %assign/vec4 v00000232582ada70_0, 0;
    %pushi/vec4 1, 0, 1;
    %assign/vec4 v00000232582adb10_0, 0;
    %pushi/vec4 1, 0, 1;
    %assign/vec4 v00000232582adcf0_0, 0;
    %pushi/vec4 1, 0, 1;
    %assign/vec4 v00000232582adbb0_0, 0;
    %pushi/vec4 0, 0, 1;
    %assign/vec4 v0000023258301a30_0, 0;
    %pushi/vec4 1, 0, 1;
    %assign/vec4 v0000023258302ed0_0, 0;
    %pushi/vec4 1, 0, 1;
    %assign/vec4 v00000232583029d0_0, 0;
    %pushi/vec4 0, 0, 1;
    %assign/vec4 v0000023258300840_0, 0;
    %pushi/vec4 0, 0, 1;
    %assign/vec4 v00000232583002a0_0, 0;
    %pushi/vec4 1, 0, 1;
    %assign/vec4 v0000023258300340_0, 0;
    %pushi/vec4 1, 0, 1;
    %assign/vec4 v0000023258300660_0, 0;
    %pushi/vec4 1, 0, 1;
    %assign/vec4 v0000023258302e30_0, 0;
    %pushi/vec4 1, 0, 1;
    %assign/vec4 v00000232583008e0_0, 0;
    %pushi/vec4 1, 0, 1;
    %assign/vec4 v0000023258302570_0, 0;
    %load/vec4 v0000023258300b60_0;
    %pad/u 32;
    %cmpi/u 1, 0, 32;
    %flag_get/vec4 5;
    %assign/vec4 v00000232582ade30_0, 0;
    %pushi/vec4 0, 0, 1;
    %assign/vec4 v0000023258300ca0_0, 0;
    %pushi/vec4 1, 0, 1;
    %assign/vec4 v0000023258300e80_0, 0;
    %pushi/vec4 0, 0, 1;
    %assign/vec4 v00000232583007a0_0, 0;
    %pushi/vec4 0, 0, 1;
    %assign/vec4 v0000023258301ad0_0, 0;
    %pushi/vec4 0, 0, 1;
    %assign/vec4 v00000232583003e0_0, 0;
    %pushi/vec4 1, 0, 1;
    %assign/vec4 v0000023258300f20_0, 0;
    %pushi/vec4 0, 0, 1;
    %assign/vec4 v00000232583005c0_0, 0;
    %pushi/vec4 0, 0, 1;
    %assign/vec4 v0000023258300ac0_0, 0;
    %pushi/vec4 1, 0, 1;
    %assign/vec4 v0000023258300520_0, 0;
    %pushi/vec4 0, 0, 1;
    %assign/vec4 v0000023258300fc0_0, 0;
    %pushi/vec4 1, 0, 1;
    %assign/vec4 v00000232582ae150_0, 0;
    %pushi/vec4 1, 0, 1;
    %assign/vec4 v0000023258300d40_0, 0;
    %pushi/vec4 1, 0, 1;
    %assign/vec4 v0000023258300160_0, 0;
    %pushi/vec4 1, 0, 1;
    %assign/vec4 v00000232583018f0_0, 0;
    %pushi/vec4 0, 0, 1;
    %assign/vec4 v0000023258300de0_0, 0;
    %pushi/vec4 0, 0, 1;
    %assign/vec4 v0000023258300480_0, 0;
    %jmp T_2.23;
T_2.6 ;
    %pushi/vec4 0, 0, 1;
    %assign/vec4 v00000232582adc50_0, 0;
    %pushi/vec4 1, 0, 1;
    %assign/vec4 v00000232582ada70_0, 0;
    %pushi/vec4 1, 0, 1;
    %assign/vec4 v00000232582adb10_0, 0;
    %pushi/vec4 1, 0, 1;
    %assign/vec4 v00000232582adcf0_0, 0;
    %pushi/vec4 0, 0, 1;
    %assign/vec4 v00000232582adbb0_0, 0;
    %pushi/vec4 0, 0, 1;
    %assign/vec4 v0000023258301a30_0, 0;
    %pushi/vec4 0, 0, 1;
    %assign/vec4 v0000023258302ed0_0, 0;
    %pushi/vec4 0, 0, 1;
    %assign/vec4 v00000232583029d0_0, 0;
    %pushi/vec4 0, 0, 1;
    %assign/vec4 v0000023258300840_0, 0;
    %pushi/vec4 0, 0, 1;
    %assign/vec4 v00000232583002a0_0, 0;
    %pushi/vec4 1, 0, 1;
    %assign/vec4 v0000023258300340_0, 0;
    %pushi/vec4 1, 0, 1;
    %assign/vec4 v0000023258300660_0, 0;
    %pushi/vec4 0, 0, 1;
    %assign/vec4 v0000023258302e30_0, 0;
    %pushi/vec4 0, 0, 1;
    %assign/vec4 v00000232583008e0_0, 0;
    %pushi/vec4 0, 0, 1;
    %assign/vec4 v0000023258302570_0, 0;
    %load/vec4 v0000023258300b60_0;
    %pad/u 32;
    %cmpi/u 1, 0, 32;
    %flag_get/vec4 5;
    %assign/vec4 v00000232582ade30_0, 0;
    %pushi/vec4 0, 0, 1;
    %assign/vec4 v0000023258300ca0_0, 0;
    %pushi/vec4 1, 0, 1;
    %assign/vec4 v0000023258300e80_0, 0;
    %pushi/vec4 0, 0, 1;
    %assign/vec4 v00000232583007a0_0, 0;
    %pushi/vec4 0, 0, 1;
    %assign/vec4 v0000023258301ad0_0, 0;
    %pushi/vec4 0, 0, 1;
    %assign/vec4 v00000232583003e0_0, 0;
    %pushi/vec4 1, 0, 1;
    %assign/vec4 v0000023258300f20_0, 0;
    %pushi/vec4 0, 0, 1;
    %assign/vec4 v00000232583005c0_0, 0;
    %pushi/vec4 0, 0, 1;
    %assign/vec4 v0000023258300ac0_0, 0;
    %pushi/vec4 1, 0, 1;
    %assign/vec4 v0000023258300520_0, 0;
    %pushi/vec4 1, 0, 1;
    %assign/vec4 v0000023258300fc0_0, 0;
    %pushi/vec4 0, 0, 1;
    %assign/vec4 v00000232582ae150_0, 0;
    %pushi/vec4 1, 0, 1;
    %assign/vec4 v0000023258300d40_0, 0;
    %pushi/vec4 0, 0, 1;
    %assign/vec4 v0000023258300160_0, 0;
    %pushi/vec4 0, 0, 1;
    %assign/vec4 v00000232583018f0_0, 0;
    %pushi/vec4 0, 0, 1;
    %assign/vec4 v0000023258300de0_0, 0;
    %pushi/vec4 0, 0, 1;
    %assign/vec4 v0000023258300480_0, 0;
    %jmp T_2.23;
T_2.7 ;
    %pushi/vec4 0, 0, 1;
    %assign/vec4 v00000232582adc50_0, 0;
    %pushi/vec4 1, 0, 1;
    %assign/vec4 v00000232582ada70_0, 0;
    %pushi/vec4 1, 0, 1;
    %assign/vec4 v00000232582adb10_0, 0;
    %pushi/vec4 0, 0, 1;
    %assign/vec4 v00000232582adcf0_0, 0;
    %pushi/vec4 0, 0, 1;
    %assign/vec4 v00000232582adbb0_0, 0;
    %pushi/vec4 1, 0, 1;
    %assign/vec4 v0000023258301a30_0, 0;
    %pushi/vec4 1, 0, 1;
    %assign/vec4 v0000023258302ed0_0, 0;
    %pushi/vec4 1, 0, 1;
    %assign/vec4 v00000232583029d0_0, 0;
    %pushi/vec4 0, 0, 1;
    %assign/vec4 v0000023258300840_0, 0;
    %pushi/vec4 0, 0, 1;
    %assign/vec4 v00000232583002a0_0, 0;
    %pushi/vec4 1, 0, 1;
    %assign/vec4 v0000023258300340_0, 0;
    %pushi/vec4 1, 0, 1;
    %assign/vec4 v0000023258300660_0, 0;
    %pushi/vec4 1, 0, 1;
    %assign/vec4 v0000023258302e30_0, 0;
    %pushi/vec4 0, 0, 1;
    %assign/vec4 v00000232583008e0_0, 0;
    %pushi/vec4 1, 0, 1;
    %assign/vec4 v0000023258302570_0, 0;
    %load/vec4 v0000023258300b60_0;
    %pad/u 32;
    %cmpi/u 1, 0, 32;
    %flag_get/vec4 5;
    %assign/vec4 v00000232582ade30_0, 0;
    %pushi/vec4 0, 0, 1;
    %assign/vec4 v0000023258300ca0_0, 0;
    %pushi/vec4 1, 0, 1;
    %assign/vec4 v0000023258300e80_0, 0;
    %pushi/vec4 1, 0, 1;
    %assign/vec4 v00000232583007a0_0, 0;
    %pushi/vec4 1, 0, 1;
    %assign/vec4 v0000023258301ad0_0, 0;
    %pushi/vec4 0, 0, 1;
    %assign/vec4 v00000232583003e0_0, 0;
    %pushi/vec4 1, 0, 1;
    %assign/vec4 v0000023258300f20_0, 0;
    %pushi/vec4 0, 0, 1;
    %assign/vec4 v00000232583005c0_0, 0;
    %pushi/vec4 0, 0, 1;
    %assign/vec4 v0000023258300ac0_0, 0;
    %pushi/vec4 1, 0, 1;
    %assign/vec4 v0000023258300520_0, 0;
    %pushi/vec4 0, 0, 1;
    %assign/vec4 v0000023258300fc0_0, 0;
    %pushi/vec4 0, 0, 1;
    %assign/vec4 v00000232582ae150_0, 0;
    %pushi/vec4 1, 0, 1;
    %assign/vec4 v0000023258300d40_0, 0;
    %pushi/vec4 1, 0, 1;
    %assign/vec4 v0000023258300160_0, 0;
    %pushi/vec4 1, 0, 1;
    %assign/vec4 v00000232583018f0_0, 0;
    %pushi/vec4 0, 0, 1;
    %assign/vec4 v0000023258300de0_0, 0;
    %pushi/vec4 0, 0, 1;
    %assign/vec4 v0000023258300480_0, 0;
    %jmp T_2.23;
T_2.8 ;
    %pushi/vec4 0, 0, 1;
    %assign/vec4 v00000232582adc50_0, 0;
    %pushi/vec4 1, 0, 1;
    %assign/vec4 v00000232582ada70_0, 0;
    %pushi/vec4 1, 0, 1;
    %assign/vec4 v00000232582adb10_0, 0;
    %pushi/vec4 1, 0, 1;
    %assign/vec4 v00000232582adcf0_0, 0;
    %pushi/vec4 1, 0, 1;
    %assign/vec4 v00000232582adbb0_0, 0;
    %pushi/vec4 1, 0, 1;
    %assign/vec4 v0000023258301a30_0, 0;
    %pushi/vec4 1, 0, 1;
    %assign/vec4 v0000023258302ed0_0, 0;
    %pushi/vec4 1, 0, 1;
    %assign/vec4 v00000232583029d0_0, 0;
    %pushi/vec4 0, 0, 1;
    %assign/vec4 v0000023258300840_0, 0;
    %pushi/vec4 0, 0, 1;
    %assign/vec4 v00000232583002a0_0, 0;
    %pushi/vec4 1, 0, 1;
    %assign/vec4 v0000023258300340_0, 0;
    %pushi/vec4 1, 0, 1;
    %assign/vec4 v0000023258300660_0, 0;
    %pushi/vec4 1, 0, 1;
    %assign/vec4 v0000023258302e30_0, 0;
    %pushi/vec4 1, 0, 1;
    %assign/vec4 v00000232583008e0_0, 0;
    %pushi/vec4 1, 0, 1;
    %assign/vec4 v0000023258302570_0, 0;
    %load/vec4 v0000023258300b60_0;
    %pad/u 32;
    %cmpi/u 1, 0, 32;
    %flag_get/vec4 5;
    %assign/vec4 v00000232582ade30_0, 0;
    %pushi/vec4 0, 0, 1;
    %assign/vec4 v0000023258300ca0_0, 0;
    %pushi/vec4 1, 0, 1;
    %assign/vec4 v0000023258300e80_0, 0;
    %pushi/vec4 1, 0, 1;
    %assign/vec4 v00000232583007a0_0, 0;
    %pushi/vec4 1, 0, 1;
    %assign/vec4 v0000023258301ad0_0, 0;
    %pushi/vec4 2, 0, 32;
    %load/vec4 v0000023258300700_0;
    %pad/u 32;
    %cmp/u;
    %flag_get/vec4 4;
    %flag_get/vec4 5;
    %or;
    %assign/vec4 v00000232583003e0_0, 0;
    %pushi/vec4 1, 0, 1;
    %assign/vec4 v0000023258300f20_0, 0;
    %pushi/vec4 0, 0, 1;
    %assign/vec4 v00000232583005c0_0, 0;
    %pushi/vec4 0, 0, 1;
    %assign/vec4 v0000023258300ac0_0, 0;
    %pushi/vec4 1, 0, 1;
    %assign/vec4 v0000023258300520_0, 0;
    %pushi/vec4 0, 0, 1;
    %assign/vec4 v0000023258300fc0_0, 0;
    %pushi/vec4 1, 0, 1;
    %assign/vec4 v00000232582ae150_0, 0;
    %pushi/vec4 1, 0, 1;
    %assign/vec4 v0000023258300d40_0, 0;
    %pushi/vec4 1, 0, 1;
    %assign/vec4 v0000023258300160_0, 0;
    %pushi/vec4 1, 0, 1;
    %assign/vec4 v00000232583018f0_0, 0;
    %pushi/vec4 0, 0, 1;
    %assign/vec4 v0000023258300de0_0, 0;
    %pushi/vec4 0, 0, 1;
    %assign/vec4 v0000023258300480_0, 0;
    %jmp T_2.23;
T_2.9 ;
    %pushi/vec4 0, 0, 1;
    %assign/vec4 v00000232582adc50_0, 0;
    %pushi/vec4 1, 0, 1;
    %assign/vec4 v00000232582ada70_0, 0;
    %pushi/vec4 1, 0, 1;
    %assign/vec4 v00000232582adb10_0, 0;
    %pushi/vec4 1, 0, 1;
    %assign/vec4 v00000232582adcf0_0, 0;
    %pushi/vec4 1, 0, 1;
    %assign/vec4 v00000232582adbb0_0, 0;
    %pushi/vec4 0, 0, 1;
    %assign/vec4 v0000023258301a30_0, 0;
    %pushi/vec4 0, 0, 1;
    %assign/vec4 v0000023258302ed0_0, 0;
    %pushi/vec4 0, 0, 1;
    %assign/vec4 v00000232583029d0_0, 0;
    %pushi/vec4 0, 0, 1;
    %assign/vec4 v0000023258300840_0, 0;
    %pushi/vec4 0, 0, 1;
    %assign/vec4 v00000232583002a0_0, 0;
    %pushi/vec4 1, 0, 1;
    %assign/vec4 v0000023258300340_0, 0;
    %pushi/vec4 1, 0, 1;
    %assign/vec4 v0000023258300660_0, 0;
    %pushi/vec4 0, 0, 1;
    %assign/vec4 v0000023258302e30_0, 0;
    %pushi/vec4 0, 0, 1;
    %assign/vec4 v00000232583008e0_0, 0;
    %pushi/vec4 0, 0, 1;
    %assign/vec4 v0000023258302570_0, 0;
    %load/vec4 v0000023258300b60_0;
    %pad/u 32;
    %cmpi/u 1, 0, 32;
    %flag_get/vec4 5;
    %assign/vec4 v00000232582ade30_0, 0;
    %pushi/vec4 0, 0, 1;
    %assign/vec4 v0000023258300ca0_0, 0;
    %pushi/vec4 1, 0, 1;
    %assign/vec4 v0000023258300e80_0, 0;
    %pushi/vec4 1, 0, 1;
    %assign/vec4 v00000232583007a0_0, 0;
    %pushi/vec4 1, 0, 1;
    %assign/vec4 v0000023258301ad0_0, 0;
    %pushi/vec4 1, 0, 1;
    %assign/vec4 v00000232583003e0_0, 0;
    %pushi/vec4 1, 0, 1;
    %assign/vec4 v0000023258300f20_0, 0;
    %pushi/vec4 0, 0, 1;
    %assign/vec4 v00000232583005c0_0, 0;
    %pushi/vec4 0, 0, 1;
    %assign/vec4 v0000023258300ac0_0, 0;
    %pushi/vec4 1, 0, 1;
    %assign/vec4 v0000023258300520_0, 0;
    %pushi/vec4 1, 0, 1;
    %assign/vec4 v0000023258300fc0_0, 0;
    %pushi/vec4 0, 0, 1;
    %assign/vec4 v00000232582ae150_0, 0;
    %pushi/vec4 1, 0, 1;
    %assign/vec4 v0000023258300d40_0, 0;
    %pushi/vec4 0, 0, 1;
    %assign/vec4 v0000023258300160_0, 0;
    %pushi/vec4 0, 0, 1;
    %assign/vec4 v00000232583018f0_0, 0;
    %pushi/vec4 0, 0, 1;
    %assign/vec4 v0000023258300de0_0, 0;
    %pushi/vec4 0, 0, 1;
    %assign/vec4 v0000023258300480_0, 0;
    %jmp T_2.23;
T_2.10 ;
    %pushi/vec4 0, 0, 1;
    %assign/vec4 v00000232582adc50_0, 0;
    %pushi/vec4 1, 0, 1;
    %assign/vec4 v00000232582ada70_0, 0;
    %pushi/vec4 1, 0, 1;
    %assign/vec4 v00000232582adb10_0, 0;
    %pushi/vec4 1, 0, 1;
    %assign/vec4 v00000232582adcf0_0, 0;
    %pushi/vec4 1, 0, 1;
    %assign/vec4 v00000232582adbb0_0, 0;
    %pushi/vec4 1, 0, 1;
    %assign/vec4 v0000023258301a30_0, 0;
    %pushi/vec4 1, 0, 1;
    %assign/vec4 v0000023258302ed0_0, 0;
    %pushi/vec4 0, 0, 1;
    %assign/vec4 v00000232583029d0_0, 0;
    %pushi/vec4 0, 0, 1;
    %assign/vec4 v0000023258300840_0, 0;
    %pushi/vec4 0, 0, 1;
    %assign/vec4 v00000232583002a0_0, 0;
    %pushi/vec4 1, 0, 1;
    %assign/vec4 v0000023258300340_0, 0;
    %pushi/vec4 1, 0, 1;
    %assign/vec4 v0000023258300660_0, 0;
    %pushi/vec4 1, 0, 1;
    %assign/vec4 v0000023258302e30_0, 0;
    %pushi/vec4 1, 0, 1;
    %assign/vec4 v00000232583008e0_0, 0;
    %pushi/vec4 1, 0, 1;
    %assign/vec4 v0000023258302570_0, 0;
    %load/vec4 v0000023258300b60_0;
    %pad/u 32;
    %cmpi/u 1, 0, 32;
    %flag_get/vec4 5;
    %assign/vec4 v00000232582ade30_0, 0;
    %pushi/vec4 0, 0, 1;
    %assign/vec4 v0000023258300ca0_0, 0;
    %pushi/vec4 1, 0, 1;
    %assign/vec4 v0000023258300e80_0, 0;
    %pushi/vec4 1, 0, 1;
    %assign/vec4 v00000232583007a0_0, 0;
    %pushi/vec4 1, 0, 1;
    %assign/vec4 v0000023258301ad0_0, 0;
    %pushi/vec4 2, 0, 32;
    %load/vec4 v0000023258300700_0;
    %pad/u 32;
    %cmp/u;
    %flag_get/vec4 4;
    %flag_get/vec4 5;
    %or;
    %assign/vec4 v00000232583003e0_0, 0;
    %pushi/vec4 1, 0, 1;
    %assign/vec4 v0000023258300f20_0, 0;
    %pushi/vec4 0, 0, 1;
    %assign/vec4 v00000232583005c0_0, 0;
    %pushi/vec4 0, 0, 1;
    %assign/vec4 v0000023258300ac0_0, 0;
    %pushi/vec4 1, 0, 1;
    %assign/vec4 v0000023258300520_0, 0;
    %pushi/vec4 0, 0, 1;
    %assign/vec4 v0000023258300fc0_0, 0;
    %pushi/vec4 1, 0, 1;
    %assign/vec4 v00000232582ae150_0, 0;
    %pushi/vec4 1, 0, 1;
    %assign/vec4 v0000023258300d40_0, 0;
    %pushi/vec4 1, 0, 1;
    %assign/vec4 v0000023258300160_0, 0;
    %pushi/vec4 0, 0, 1;
    %assign/vec4 v00000232583018f0_0, 0;
    %pushi/vec4 0, 0, 1;
    %assign/vec4 v0000023258300de0_0, 0;
    %pushi/vec4 0, 0, 1;
    %assign/vec4 v0000023258300480_0, 0;
    %jmp T_2.23;
T_2.11 ;
    %pushi/vec4 0, 0, 1;
    %assign/vec4 v00000232582adc50_0, 0;
    %pushi/vec4 1, 0, 1;
    %assign/vec4 v00000232582ada70_0, 0;
    %pushi/vec4 1, 0, 1;
    %assign/vec4 v00000232582adb10_0, 0;
    %pushi/vec4 1, 0, 1;
    %assign/vec4 v00000232582adcf0_0, 0;
    %pushi/vec4 1, 0, 1;
    %assign/vec4 v00000232582adbb0_0, 0;
    %pushi/vec4 0, 0, 1;
    %assign/vec4 v0000023258301a30_0, 0;
    %pushi/vec4 0, 0, 1;
    %assign/vec4 v0000023258302ed0_0, 0;
    %pushi/vec4 0, 0, 1;
    %assign/vec4 v00000232583029d0_0, 0;
    %pushi/vec4 0, 0, 1;
    %assign/vec4 v0000023258300840_0, 0;
    %pushi/vec4 0, 0, 1;
    %assign/vec4 v00000232583002a0_0, 0;
    %pushi/vec4 1, 0, 1;
    %assign/vec4 v0000023258300340_0, 0;
    %pushi/vec4 1, 0, 1;
    %assign/vec4 v0000023258300660_0, 0;
    %pushi/vec4 0, 0, 1;
    %assign/vec4 v0000023258302e30_0, 0;
    %pushi/vec4 0, 0, 1;
    %assign/vec4 v00000232583008e0_0, 0;
    %pushi/vec4 0, 0, 1;
    %assign/vec4 v0000023258302570_0, 0;
    %load/vec4 v0000023258300b60_0;
    %pad/u 32;
    %cmpi/u 1, 0, 32;
    %flag_get/vec4 5;
    %assign/vec4 v00000232582ade30_0, 0;
    %pushi/vec4 0, 0, 1;
    %assign/vec4 v0000023258300ca0_0, 0;
    %pushi/vec4 1, 0, 1;
    %assign/vec4 v0000023258300e80_0, 0;
    %pushi/vec4 1, 0, 1;
    %assign/vec4 v00000232583007a0_0, 0;
    %pushi/vec4 1, 0, 1;
    %assign/vec4 v0000023258301ad0_0, 0;
    %pushi/vec4 1, 0, 1;
    %assign/vec4 v00000232583003e0_0, 0;
    %pushi/vec4 1, 0, 1;
    %assign/vec4 v0000023258300f20_0, 0;
    %pushi/vec4 0, 0, 1;
    %assign/vec4 v00000232583005c0_0, 0;
    %pushi/vec4 0, 0, 1;
    %assign/vec4 v0000023258300ac0_0, 0;
    %pushi/vec4 1, 0, 1;
    %assign/vec4 v0000023258300520_0, 0;
    %pushi/vec4 1, 0, 1;
    %assign/vec4 v0000023258300fc0_0, 0;
    %pushi/vec4 0, 0, 1;
    %assign/vec4 v00000232582ae150_0, 0;
    %pushi/vec4 1, 0, 1;
    %assign/vec4 v0000023258300d40_0, 0;
    %pushi/vec4 0, 0, 1;
    %assign/vec4 v0000023258300160_0, 0;
    %pushi/vec4 0, 0, 1;
    %assign/vec4 v00000232583018f0_0, 0;
    %pushi/vec4 0, 0, 1;
    %assign/vec4 v0000023258300de0_0, 0;
    %pushi/vec4 0, 0, 1;
    %assign/vec4 v0000023258300480_0, 0;
    %jmp T_2.23;
T_2.12 ;
    %pushi/vec4 0, 0, 1;
    %assign/vec4 v00000232582adc50_0, 0;
    %pushi/vec4 1, 0, 1;
    %assign/vec4 v00000232582ada70_0, 0;
    %pushi/vec4 0, 0, 1;
    %assign/vec4 v00000232582adb10_0, 0;
    %pushi/vec4 1, 0, 1;
    %assign/vec4 v00000232582adcf0_0, 0;
    %pushi/vec4 0, 0, 1;
    %assign/vec4 v00000232582adbb0_0, 0;
    %pushi/vec4 0, 0, 1;
    %assign/vec4 v0000023258301a30_0, 0;
    %pushi/vec4 0, 0, 1;
    %assign/vec4 v0000023258302ed0_0, 0;
    %pushi/vec4 0, 0, 1;
    %assign/vec4 v00000232583029d0_0, 0;
    %pushi/vec4 1, 0, 1;
    %assign/vec4 v0000023258300840_0, 0;
    %pushi/vec4 1, 0, 1;
    %assign/vec4 v00000232583002a0_0, 0;
    %pushi/vec4 1, 0, 1;
    %assign/vec4 v0000023258300340_0, 0;
    %pushi/vec4 0, 0, 1;
    %assign/vec4 v0000023258300660_0, 0;
    %pushi/vec4 0, 0, 1;
    %assign/vec4 v0000023258302e30_0, 0;
    %pushi/vec4 0, 0, 1;
    %assign/vec4 v00000232583008e0_0, 0;
    %pushi/vec4 0, 0, 1;
    %assign/vec4 v0000023258302570_0, 0;
    %load/vec4 v0000023258300b60_0;
    %pad/u 32;
    %cmpi/u 1, 0, 32;
    %flag_get/vec4 5;
    %assign/vec4 v00000232582ade30_0, 0;
    %pushi/vec4 0, 0, 1;
    %assign/vec4 v0000023258300ca0_0, 0;
    %pushi/vec4 1, 0, 1;
    %assign/vec4 v0000023258300e80_0, 0;
    %pushi/vec4 0, 0, 1;
    %assign/vec4 v00000232583007a0_0, 0;
    %pushi/vec4 0, 0, 1;
    %assign/vec4 v0000023258301ad0_0, 0;
    %pushi/vec4 2, 0, 32;
    %load/vec4 v0000023258300700_0;
    %pad/u 32;
    %cmp/u;
    %flag_get/vec4 4;
    %flag_get/vec4 5;
    %or;
    %assign/vec4 v00000232583003e0_0, 0;
    %pushi/vec4 0, 0, 1;
    %assign/vec4 v0000023258300f20_0, 0;
    %pushi/vec4 0, 0, 1;
    %assign/vec4 v00000232583005c0_0, 0;
    %pushi/vec4 0, 0, 1;
    %assign/vec4 v0000023258300ac0_0, 0;
    %pushi/vec4 0, 0, 1;
    %assign/vec4 v0000023258300520_0, 0;
    %pushi/vec4 0, 0, 1;
    %assign/vec4 v0000023258300fc0_0, 0;
    %pushi/vec4 0, 0, 1;
    %assign/vec4 v00000232582ae150_0, 0;
    %pushi/vec4 0, 0, 1;
    %assign/vec4 v0000023258300d40_0, 0;
    %pushi/vec4 0, 0, 1;
    %assign/vec4 v0000023258300160_0, 0;
    %pushi/vec4 0, 0, 1;
    %assign/vec4 v00000232583018f0_0, 0;
    %pushi/vec4 0, 0, 1;
    %assign/vec4 v0000023258300de0_0, 0;
    %pushi/vec4 0, 0, 1;
    %assign/vec4 v0000023258300480_0, 0;
    %jmp T_2.23;
T_2.13 ;
    %pushi/vec4 1, 0, 1;
    %assign/vec4 v00000232582adc50_0, 0;
    %pushi/vec4 1, 0, 1;
    %assign/vec4 v00000232582ada70_0, 0;
    %pushi/vec4 1, 0, 1;
    %assign/vec4 v00000232582adb10_0, 0;
    %pushi/vec4 1, 0, 1;
    %assign/vec4 v00000232582adcf0_0, 0;
    %pushi/vec4 1, 0, 1;
    %assign/vec4 v00000232582adbb0_0, 0;
    %pushi/vec4 0, 0, 1;
    %assign/vec4 v0000023258301a30_0, 0;
    %pushi/vec4 0, 0, 1;
    %assign/vec4 v0000023258302ed0_0, 0;
    %pushi/vec4 0, 0, 1;
    %assign/vec4 v00000232583029d0_0, 0;
    %pushi/vec4 1, 0, 1;
    %assign/vec4 v0000023258300840_0, 0;
    %pushi/vec4 0, 0, 1;
    %assign/vec4 v00000232583002a0_0, 0;
    %pushi/vec4 1, 0, 1;
    %assign/vec4 v0000023258300340_0, 0;
    %pushi/vec4 0, 0, 1;
    %assign/vec4 v0000023258300660_0, 0;
    %pushi/vec4 0, 0, 1;
    %assign/vec4 v0000023258302e30_0, 0;
    %pushi/vec4 0, 0, 1;
    %assign/vec4 v00000232583008e0_0, 0;
    %pushi/vec4 1, 0, 1;
    %assign/vec4 v0000023258302570_0, 0;
    %pushi/vec4 0, 0, 1;
    %assign/vec4 v00000232582ade30_0, 0;
    %pushi/vec4 0, 0, 1;
    %assign/vec4 v0000023258300ca0_0, 0;
    %pushi/vec4 1, 0, 1;
    %assign/vec4 v0000023258300e80_0, 0;
    %pushi/vec4 0, 0, 1;
    %assign/vec4 v00000232583007a0_0, 0;
    %pushi/vec4 0, 0, 1;
    %assign/vec4 v0000023258301ad0_0, 0;
    %pushi/vec4 0, 0, 1;
    %assign/vec4 v00000232583003e0_0, 0;
    %pushi/vec4 1, 0, 1;
    %assign/vec4 v0000023258300f20_0, 0;
    %pushi/vec4 0, 0, 1;
    %assign/vec4 v00000232583005c0_0, 0;
    %pushi/vec4 0, 0, 1;
    %assign/vec4 v0000023258300ac0_0, 0;
    %pushi/vec4 1, 0, 1;
    %assign/vec4 v0000023258300520_0, 0;
    %pushi/vec4 0, 0, 1;
    %assign/vec4 v0000023258300fc0_0, 0;
    %pushi/vec4 1, 0, 1;
    %assign/vec4 v00000232582ae150_0, 0;
    %pushi/vec4 1, 0, 1;
    %assign/vec4 v0000023258300d40_0, 0;
    %pushi/vec4 1, 0, 1;
    %assign/vec4 v0000023258300160_0, 0;
    %pushi/vec4 0, 0, 1;
    %assign/vec4 v00000232583018f0_0, 0;
    %pushi/vec4 0, 0, 1;
    %assign/vec4 v0000023258300de0_0, 0;
    %pushi/vec4 0, 0, 1;
    %assign/vec4 v0000023258300480_0, 0;
    %jmp T_2.23;
T_2.14 ;
    %pushi/vec4 0, 0, 1;
    %assign/vec4 v00000232582adc50_0, 0;
    %pushi/vec4 1, 0, 1;
    %assign/vec4 v00000232582ada70_0, 0;
    %pushi/vec4 1, 0, 1;
    %assign/vec4 v00000232582adb10_0, 0;
    %pushi/vec4 1, 0, 1;
    %assign/vec4 v00000232582adcf0_0, 0;
    %pushi/vec4 0, 0, 1;
    %assign/vec4 v00000232582adbb0_0, 0;
    %pushi/vec4 0, 0, 1;
    %assign/vec4 v0000023258301a30_0, 0;
    %pushi/vec4 1, 0, 1;
    %assign/vec4 v0000023258302ed0_0, 0;
    %pushi/vec4 1, 0, 1;
    %assign/vec4 v00000232583029d0_0, 0;
    %pushi/vec4 1, 0, 1;
    %assign/vec4 v0000023258300840_0, 0;
    %pushi/vec4 0, 0, 1;
    %assign/vec4 v00000232583002a0_0, 0;
    %pushi/vec4 1, 0, 1;
    %assign/vec4 v0000023258300340_0, 0;
    %pushi/vec4 0, 0, 1;
    %assign/vec4 v0000023258300660_0, 0;
    %pushi/vec4 0, 0, 1;
    %assign/vec4 v0000023258302e30_0, 0;
    %pushi/vec4 0, 0, 1;
    %assign/vec4 v00000232583008e0_0, 0;
    %pushi/vec4 1, 0, 1;
    %assign/vec4 v0000023258302570_0, 0;
    %pushi/vec4 0, 0, 1;
    %assign/vec4 v00000232582ade30_0, 0;
    %pushi/vec4 0, 0, 1;
    %assign/vec4 v0000023258300ca0_0, 0;
    %pushi/vec4 1, 0, 1;
    %assign/vec4 v0000023258300e80_0, 0;
    %pushi/vec4 0, 0, 1;
    %assign/vec4 v00000232583007a0_0, 0;
    %pushi/vec4 0, 0, 1;
    %assign/vec4 v0000023258301ad0_0, 0;
    %pushi/vec4 2, 0, 32;
    %load/vec4 v0000023258300700_0;
    %pad/u 32;
    %cmp/u;
    %flag_get/vec4 4;
    %flag_get/vec4 5;
    %or;
    %assign/vec4 v00000232583003e0_0, 0;
    %pushi/vec4 1, 0, 1;
    %assign/vec4 v0000023258300f20_0, 0;
    %pushi/vec4 0, 0, 1;
    %assign/vec4 v00000232583005c0_0, 0;
    %pushi/vec4 0, 0, 1;
    %assign/vec4 v0000023258300ac0_0, 0;
    %pushi/vec4 1, 0, 1;
    %assign/vec4 v0000023258300520_0, 0;
    %pushi/vec4 0, 0, 1;
    %assign/vec4 v0000023258300fc0_0, 0;
    %pushi/vec4 1, 0, 1;
    %assign/vec4 v00000232582ae150_0, 0;
    %pushi/vec4 1, 0, 1;
    %assign/vec4 v0000023258300d40_0, 0;
    %pushi/vec4 1, 0, 1;
    %assign/vec4 v0000023258300160_0, 0;
    %pushi/vec4 0, 0, 1;
    %assign/vec4 v00000232583018f0_0, 0;
    %pushi/vec4 0, 0, 1;
    %assign/vec4 v0000023258300de0_0, 0;
    %pushi/vec4 0, 0, 1;
    %assign/vec4 v0000023258300480_0, 0;
    %jmp T_2.23;
T_2.15 ;
    %pushi/vec4 0, 0, 1;
    %assign/vec4 v00000232582adc50_0, 0;
    %pushi/vec4 1, 0, 1;
    %assign/vec4 v00000232582ada70_0, 0;
    %pushi/vec4 1, 0, 1;
    %assign/vec4 v00000232582adb10_0, 0;
    %pushi/vec4 1, 0, 1;
    %assign/vec4 v00000232582adcf0_0, 0;
    %pushi/vec4 1, 0, 1;
    %assign/vec4 v00000232582adbb0_0, 0;
    %pushi/vec4 0, 0, 1;
    %assign/vec4 v0000023258301a30_0, 0;
    %pushi/vec4 1, 0, 1;
    %assign/vec4 v0000023258302ed0_0, 0;
    %pushi/vec4 1, 0, 1;
    %assign/vec4 v00000232583029d0_0, 0;
    %pushi/vec4 0, 0, 1;
    %assign/vec4 v0000023258300840_0, 0;
    %pushi/vec4 0, 0, 1;
    %assign/vec4 v00000232583002a0_0, 0;
    %pushi/vec4 1, 0, 1;
    %assign/vec4 v0000023258300340_0, 0;
    %pushi/vec4 1, 0, 1;
    %assign/vec4 v0000023258300660_0, 0;
    %pushi/vec4 1, 0, 1;
    %assign/vec4 v0000023258302e30_0, 0;
    %pushi/vec4 1, 0, 1;
    %assign/vec4 v00000232583008e0_0, 0;
    %pushi/vec4 1, 0, 1;
    %assign/vec4 v0000023258302570_0, 0;
    %load/vec4 v0000023258300b60_0;
    %pad/u 32;
    %cmpi/u 1, 0, 32;
    %flag_get/vec4 5;
    %assign/vec4 v00000232582ade30_0, 0;
    %pushi/vec4 0, 0, 1;
    %assign/vec4 v0000023258300ca0_0, 0;
    %pushi/vec4 1, 0, 1;
    %assign/vec4 v0000023258300e80_0, 0;
    %pushi/vec4 0, 0, 1;
    %assign/vec4 v00000232583007a0_0, 0;
    %pushi/vec4 0, 0, 1;
    %assign/vec4 v0000023258301ad0_0, 0;
    %pushi/vec4 0, 0, 1;
    %assign/vec4 v00000232583003e0_0, 0;
    %pushi/vec4 1, 0, 1;
    %assign/vec4 v0000023258300f20_0, 0;
    %pushi/vec4 0, 0, 1;
    %assign/vec4 v00000232583005c0_0, 0;
    %pushi/vec4 0, 0, 1;
    %assign/vec4 v0000023258300ac0_0, 0;
    %pushi/vec4 1, 0, 1;
    %assign/vec4 v0000023258300520_0, 0;
    %pushi/vec4 0, 0, 1;
    %assign/vec4 v0000023258300fc0_0, 0;
    %pushi/vec4 1, 0, 1;
    %assign/vec4 v00000232582ae150_0, 0;
    %pushi/vec4 1, 0, 1;
    %assign/vec4 v0000023258300d40_0, 0;
    %pushi/vec4 1, 0, 1;
    %assign/vec4 v0000023258300160_0, 0;
    %pushi/vec4 1, 0, 1;
    %assign/vec4 v00000232583018f0_0, 0;
    %pushi/vec4 0, 0, 1;
    %assign/vec4 v0000023258300de0_0, 0;
    %pushi/vec4 0, 0, 1;
    %assign/vec4 v0000023258300480_0, 0;
    %jmp T_2.23;
T_2.16 ;
    %pushi/vec4 0, 0, 1;
    %assign/vec4 v00000232582adc50_0, 0;
    %pushi/vec4 1, 0, 1;
    %assign/vec4 v00000232582ada70_0, 0;
    %pushi/vec4 1, 0, 1;
    %assign/vec4 v00000232582adb10_0, 0;
    %pushi/vec4 1, 0, 1;
    %assign/vec4 v00000232582adcf0_0, 0;
    %pushi/vec4 0, 0, 1;
    %assign/vec4 v00000232582adbb0_0, 0;
    %pushi/vec4 0, 0, 1;
    %assign/vec4 v0000023258301a30_0, 0;
    %pushi/vec4 0, 0, 1;
    %assign/vec4 v0000023258302ed0_0, 0;
    %pushi/vec4 0, 0, 1;
    %assign/vec4 v00000232583029d0_0, 0;
    %pushi/vec4 0, 0, 1;
    %assign/vec4 v0000023258300840_0, 0;
    %pushi/vec4 0, 0, 1;
    %assign/vec4 v00000232583002a0_0, 0;
    %pushi/vec4 1, 0, 1;
    %assign/vec4 v0000023258300340_0, 0;
    %pushi/vec4 1, 0, 1;
    %assign/vec4 v0000023258300660_0, 0;
    %pushi/vec4 0, 0, 1;
    %assign/vec4 v0000023258302e30_0, 0;
    %pushi/vec4 0, 0, 1;
    %assign/vec4 v00000232583008e0_0, 0;
    %pushi/vec4 0, 0, 1;
    %assign/vec4 v0000023258302570_0, 0;
    %pushi/vec4 0, 0, 1;
    %assign/vec4 v00000232582ade30_0, 0;
    %pushi/vec4 0, 0, 1;
    %assign/vec4 v0000023258300ca0_0, 0;
    %pushi/vec4 1, 0, 1;
    %assign/vec4 v0000023258300e80_0, 0;
    %pushi/vec4 0, 0, 1;
    %assign/vec4 v00000232583007a0_0, 0;
    %pushi/vec4 0, 0, 1;
    %assign/vec4 v0000023258301ad0_0, 0;
    %pushi/vec4 0, 0, 1;
    %assign/vec4 v00000232583003e0_0, 0;
    %pushi/vec4 1, 0, 1;
    %assign/vec4 v0000023258300f20_0, 0;
    %load/vec4 v0000023258301060_0;
    %assign/vec4 v00000232583005c0_0, 0;
    %load/vec4 v0000023258300a20_0;
    %assign/vec4 v0000023258300ac0_0, 0;
    %load/vec4 v0000023258300200_0;
    %assign/vec4 v0000023258300520_0, 0;
    %pushi/vec4 1, 0, 1;
    %assign/vec4 v0000023258300fc0_0, 0;
    %pushi/vec4 0, 0, 1;
    %assign/vec4 v00000232582ae150_0, 0;
    %pushi/vec4 1, 0, 1;
    %assign/vec4 v0000023258300d40_0, 0;
    %pushi/vec4 0, 0, 1;
    %assign/vec4 v0000023258300160_0, 0;
    %pushi/vec4 0, 0, 1;
    %assign/vec4 v00000232583018f0_0, 0;
    %pushi/vec4 0, 0, 1;
    %assign/vec4 v0000023258300de0_0, 0;
    %pushi/vec4 0, 0, 1;
    %assign/vec4 v0000023258300480_0, 0;
    %jmp T_2.23;
T_2.17 ;
    %pushi/vec4 0, 0, 1;
    %assign/vec4 v00000232582adc50_0, 0;
    %pushi/vec4 1, 0, 1;
    %assign/vec4 v00000232582ada70_0, 0;
    %pushi/vec4 1, 0, 1;
    %assign/vec4 v00000232582adb10_0, 0;
    %pushi/vec4 0, 0, 1;
    %assign/vec4 v00000232582adcf0_0, 0;
    %pushi/vec4 0, 0, 1;
    %assign/vec4 v00000232582adbb0_0, 0;
    %pushi/vec4 1, 0, 1;
    %assign/vec4 v0000023258301a30_0, 0;
    %pushi/vec4 1, 0, 1;
    %assign/vec4 v0000023258302ed0_0, 0;
    %pushi/vec4 1, 0, 1;
    %assign/vec4 v00000232583029d0_0, 0;
    %pushi/vec4 0, 0, 1;
    %assign/vec4 v0000023258300840_0, 0;
    %pushi/vec4 0, 0, 1;
    %assign/vec4 v00000232583002a0_0, 0;
    %pushi/vec4 1, 0, 1;
    %assign/vec4 v0000023258300340_0, 0;
    %pushi/vec4 1, 0, 1;
    %assign/vec4 v0000023258300660_0, 0;
    %pushi/vec4 1, 0, 1;
    %assign/vec4 v0000023258302e30_0, 0;
    %pushi/vec4 0, 0, 1;
    %assign/vec4 v00000232583008e0_0, 0;
    %pushi/vec4 1, 0, 1;
    %assign/vec4 v0000023258302570_0, 0;
    %load/vec4 v0000023258300b60_0;
    %pad/u 32;
    %cmpi/u 1, 0, 32;
    %flag_get/vec4 5;
    %assign/vec4 v00000232582ade30_0, 0;
    %pushi/vec4 0, 0, 1;
    %assign/vec4 v0000023258300ca0_0, 0;
    %pushi/vec4 1, 0, 1;
    %assign/vec4 v0000023258300e80_0, 0;
    %pushi/vec4 1, 0, 1;
    %assign/vec4 v00000232583007a0_0, 0;
    %pushi/vec4 1, 0, 1;
    %assign/vec4 v0000023258301ad0_0, 0;
    %pushi/vec4 0, 0, 1;
    %assign/vec4 v00000232583003e0_0, 0;
    %pushi/vec4 1, 0, 1;
    %assign/vec4 v0000023258300f20_0, 0;
    %load/vec4 v0000023258301060_0;
    %assign/vec4 v00000232583005c0_0, 0;
    %load/vec4 v0000023258300a20_0;
    %assign/vec4 v0000023258300ac0_0, 0;
    %load/vec4 v0000023258300200_0;
    %assign/vec4 v0000023258300520_0, 0;
    %pushi/vec4 0, 0, 1;
    %assign/vec4 v0000023258300fc0_0, 0;
    %pushi/vec4 0, 0, 1;
    %assign/vec4 v00000232582ae150_0, 0;
    %pushi/vec4 1, 0, 1;
    %assign/vec4 v0000023258300d40_0, 0;
    %pushi/vec4 1, 0, 1;
    %assign/vec4 v0000023258300160_0, 0;
    %pushi/vec4 1, 0, 1;
    %assign/vec4 v00000232583018f0_0, 0;
    %pushi/vec4 0, 0, 1;
    %assign/vec4 v0000023258300de0_0, 0;
    %pushi/vec4 0, 0, 1;
    %assign/vec4 v0000023258300480_0, 0;
    %jmp T_2.23;
T_2.18 ;
    %pushi/vec4 0, 0, 1;
    %assign/vec4 v00000232582adc50_0, 0;
    %pushi/vec4 1, 0, 1;
    %assign/vec4 v00000232582ada70_0, 0;
    %pushi/vec4 1, 0, 1;
    %assign/vec4 v00000232582adb10_0, 0;
    %pushi/vec4 1, 0, 1;
    %assign/vec4 v00000232582adcf0_0, 0;
    %pushi/vec4 1, 0, 1;
    %assign/vec4 v00000232582adbb0_0, 0;
    %pushi/vec4 1, 0, 1;
    %assign/vec4 v0000023258301a30_0, 0;
    %pushi/vec4 1, 0, 1;
    %assign/vec4 v0000023258302ed0_0, 0;
    %pushi/vec4 1, 0, 1;
    %assign/vec4 v00000232583029d0_0, 0;
    %pushi/vec4 0, 0, 1;
    %assign/vec4 v0000023258300840_0, 0;
    %pushi/vec4 0, 0, 1;
    %assign/vec4 v00000232583002a0_0, 0;
    %pushi/vec4 1, 0, 1;
    %assign/vec4 v0000023258300340_0, 0;
    %pushi/vec4 1, 0, 1;
    %assign/vec4 v0000023258300660_0, 0;
    %pushi/vec4 1, 0, 1;
    %assign/vec4 v0000023258302e30_0, 0;
    %pushi/vec4 1, 0, 1;
    %assign/vec4 v00000232583008e0_0, 0;
    %pushi/vec4 1, 0, 1;
    %assign/vec4 v0000023258302570_0, 0;
    %load/vec4 v0000023258300b60_0;
    %pad/u 32;
    %cmpi/u 1, 0, 32;
    %flag_get/vec4 5;
    %assign/vec4 v00000232582ade30_0, 0;
    %pushi/vec4 0, 0, 1;
    %assign/vec4 v0000023258300ca0_0, 0;
    %pushi/vec4 1, 0, 1;
    %assign/vec4 v0000023258300e80_0, 0;
    %pushi/vec4 1, 0, 1;
    %assign/vec4 v00000232583007a0_0, 0;
    %pushi/vec4 1, 0, 1;
    %assign/vec4 v0000023258301ad0_0, 0;
    %pushi/vec4 2, 0, 32;
    %load/vec4 v0000023258300700_0;
    %pad/u 32;
    %cmp/u;
    %flag_get/vec4 4;
    %flag_get/vec4 5;
    %or;
    %assign/vec4 v00000232583003e0_0, 0;
    %pushi/vec4 1, 0, 1;
    %assign/vec4 v0000023258300f20_0, 0;
    %load/vec4 v0000023258301060_0;
    %assign/vec4 v00000232583005c0_0, 0;
    %load/vec4 v0000023258300a20_0;
    %assign/vec4 v0000023258300ac0_0, 0;
    %load/vec4 v0000023258300200_0;
    %assign/vec4 v0000023258300520_0, 0;
    %pushi/vec4 0, 0, 1;
    %assign/vec4 v0000023258300fc0_0, 0;
    %pushi/vec4 1, 0, 1;
    %assign/vec4 v00000232582ae150_0, 0;
    %pushi/vec4 1, 0, 1;
    %assign/vec4 v0000023258300d40_0, 0;
    %pushi/vec4 1, 0, 1;
    %assign/vec4 v0000023258300160_0, 0;
    %pushi/vec4 1, 0, 1;
    %assign/vec4 v00000232583018f0_0, 0;
    %pushi/vec4 1, 0, 1;
    %assign/vec4 v0000023258300de0_0, 0;
    %pushi/vec4 0, 0, 1;
    %assign/vec4 v0000023258300480_0, 0;
    %jmp T_2.23;
T_2.19 ;
    %pushi/vec4 0, 0, 1;
    %assign/vec4 v00000232582adc50_0, 0;
    %pushi/vec4 1, 0, 1;
    %assign/vec4 v00000232582ada70_0, 0;
    %pushi/vec4 1, 0, 1;
    %assign/vec4 v00000232582adb10_0, 0;
    %pushi/vec4 1, 0, 1;
    %assign/vec4 v00000232582adcf0_0, 0;
    %pushi/vec4 1, 0, 1;
    %assign/vec4 v00000232582adbb0_0, 0;
    %pushi/vec4 0, 0, 1;
    %assign/vec4 v0000023258301a30_0, 0;
    %pushi/vec4 0, 0, 1;
    %assign/vec4 v0000023258302ed0_0, 0;
    %pushi/vec4 0, 0, 1;
    %assign/vec4 v00000232583029d0_0, 0;
    %pushi/vec4 0, 0, 1;
    %assign/vec4 v0000023258300840_0, 0;
    %pushi/vec4 0, 0, 1;
    %assign/vec4 v00000232583002a0_0, 0;
    %pushi/vec4 1, 0, 1;
    %assign/vec4 v0000023258300340_0, 0;
    %pushi/vec4 1, 0, 1;
    %assign/vec4 v0000023258300660_0, 0;
    %pushi/vec4 0, 0, 1;
    %assign/vec4 v0000023258302e30_0, 0;
    %pushi/vec4 0, 0, 1;
    %assign/vec4 v00000232583008e0_0, 0;
    %pushi/vec4 0, 0, 1;
    %assign/vec4 v0000023258302570_0, 0;
    %load/vec4 v0000023258300b60_0;
    %pad/u 32;
    %cmpi/u 1, 0, 32;
    %flag_get/vec4 5;
    %assign/vec4 v00000232582ade30_0, 0;
    %pushi/vec4 0, 0, 1;
    %assign/vec4 v0000023258300ca0_0, 0;
    %pushi/vec4 1, 0, 1;
    %assign/vec4 v0000023258300e80_0, 0;
    %pushi/vec4 1, 0, 1;
    %assign/vec4 v00000232583007a0_0, 0;
    %pushi/vec4 1, 0, 1;
    %assign/vec4 v0000023258301ad0_0, 0;
    %pushi/vec4 1, 0, 1;
    %assign/vec4 v00000232583003e0_0, 0;
    %pushi/vec4 1, 0, 1;
    %assign/vec4 v0000023258300f20_0, 0;
    %load/vec4 v0000023258301060_0;
    %assign/vec4 v00000232583005c0_0, 0;
    %load/vec4 v0000023258300a20_0;
    %assign/vec4 v0000023258300ac0_0, 0;
    %load/vec4 v0000023258300200_0;
    %assign/vec4 v0000023258300520_0, 0;
    %pushi/vec4 1, 0, 1;
    %assign/vec4 v0000023258300fc0_0, 0;
    %pushi/vec4 0, 0, 1;
    %assign/vec4 v00000232582ae150_0, 0;
    %pushi/vec4 1, 0, 1;
    %assign/vec4 v0000023258300d40_0, 0;
    %pushi/vec4 0, 0, 1;
    %assign/vec4 v0000023258300160_0, 0;
    %pushi/vec4 0, 0, 1;
    %assign/vec4 v00000232583018f0_0, 0;
    %pushi/vec4 0, 0, 1;
    %assign/vec4 v0000023258300de0_0, 0;
    %pushi/vec4 0, 0, 1;
    %assign/vec4 v0000023258300480_0, 0;
    %jmp T_2.23;
T_2.20 ;
    %pushi/vec4 0, 0, 1;
    %assign/vec4 v00000232582adc50_0, 0;
    %pushi/vec4 1, 0, 1;
    %assign/vec4 v00000232582ada70_0, 0;
    %pushi/vec4 1, 0, 1;
    %assign/vec4 v00000232582adb10_0, 0;
    %pushi/vec4 1, 0, 1;
    %assign/vec4 v00000232582adcf0_0, 0;
    %pushi/vec4 1, 0, 1;
    %assign/vec4 v00000232582adbb0_0, 0;
    %pushi/vec4 1, 0, 1;
    %assign/vec4 v0000023258301a30_0, 0;
    %pushi/vec4 1, 0, 1;
    %assign/vec4 v0000023258302ed0_0, 0;
    %pushi/vec4 0, 0, 1;
    %assign/vec4 v00000232583029d0_0, 0;
    %pushi/vec4 0, 0, 1;
    %assign/vec4 v0000023258300840_0, 0;
    %pushi/vec4 0, 0, 1;
    %assign/vec4 v00000232583002a0_0, 0;
    %pushi/vec4 1, 0, 1;
    %assign/vec4 v0000023258300340_0, 0;
    %pushi/vec4 1, 0, 1;
    %assign/vec4 v0000023258300660_0, 0;
    %pushi/vec4 1, 0, 1;
    %assign/vec4 v0000023258302e30_0, 0;
    %pushi/vec4 1, 0, 1;
    %assign/vec4 v00000232583008e0_0, 0;
    %pushi/vec4 1, 0, 1;
    %assign/vec4 v0000023258302570_0, 0;
    %load/vec4 v0000023258300b60_0;
    %pad/u 32;
    %cmpi/u 1, 0, 32;
    %flag_get/vec4 5;
    %assign/vec4 v00000232582ade30_0, 0;
    %pushi/vec4 0, 0, 1;
    %assign/vec4 v0000023258300ca0_0, 0;
    %pushi/vec4 1, 0, 1;
    %assign/vec4 v0000023258300e80_0, 0;
    %pushi/vec4 1, 0, 1;
    %assign/vec4 v00000232583007a0_0, 0;
    %pushi/vec4 1, 0, 1;
    %assign/vec4 v0000023258301ad0_0, 0;
    %pushi/vec4 2, 0, 32;
    %load/vec4 v0000023258300700_0;
    %pad/u 32;
    %cmp/u;
    %flag_get/vec4 4;
    %flag_get/vec4 5;
    %or;
    %assign/vec4 v00000232583003e0_0, 0;
    %pushi/vec4 1, 0, 1;
    %assign/vec4 v0000023258300f20_0, 0;
    %load/vec4 v0000023258301060_0;
    %assign/vec4 v00000232583005c0_0, 0;
    %load/vec4 v0000023258300a20_0;
    %assign/vec4 v0000023258300ac0_0, 0;
    %load/vec4 v0000023258300200_0;
    %assign/vec4 v0000023258300520_0, 0;
    %pushi/vec4 0, 0, 1;
    %assign/vec4 v0000023258300fc0_0, 0;
    %pushi/vec4 1, 0, 1;
    %assign/vec4 v00000232582ae150_0, 0;
    %pushi/vec4 1, 0, 1;
    %assign/vec4 v0000023258300d40_0, 0;
    %pushi/vec4 1, 0, 1;
    %assign/vec4 v0000023258300160_0, 0;
    %pushi/vec4 0, 0, 1;
    %assign/vec4 v00000232583018f0_0, 0;
    %pushi/vec4 1, 0, 1;
    %assign/vec4 v0000023258300de0_0, 0;
    %pushi/vec4 0, 0, 1;
    %assign/vec4 v0000023258300480_0, 0;
    %jmp T_2.23;
T_2.21 ;
    %pushi/vec4 0, 0, 1;
    %assign/vec4 v00000232582adc50_0, 0;
    %pushi/vec4 1, 0, 1;
    %assign/vec4 v00000232582ada70_0, 0;
    %pushi/vec4 1, 0, 1;
    %assign/vec4 v00000232582adb10_0, 0;
    %pushi/vec4 1, 0, 1;
    %assign/vec4 v00000232582adcf0_0, 0;
    %pushi/vec4 1, 0, 1;
    %assign/vec4 v00000232582adbb0_0, 0;
    %pushi/vec4 0, 0, 1;
    %assign/vec4 v0000023258301a30_0, 0;
    %pushi/vec4 0, 0, 1;
    %assign/vec4 v0000023258302ed0_0, 0;
    %pushi/vec4 0, 0, 1;
    %assign/vec4 v00000232583029d0_0, 0;
    %pushi/vec4 0, 0, 1;
    %assign/vec4 v0000023258300840_0, 0;
    %pushi/vec4 0, 0, 1;
    %assign/vec4 v00000232583002a0_0, 0;
    %pushi/vec4 1, 0, 1;
    %assign/vec4 v0000023258300340_0, 0;
    %pushi/vec4 1, 0, 1;
    %assign/vec4 v0000023258300660_0, 0;
    %pushi/vec4 1, 0, 1;
    %assign/vec4 v0000023258302e30_0, 0;
    %pushi/vec4 1, 0, 1;
    %assign/vec4 v00000232583008e0_0, 0;
    %pushi/vec4 1, 0, 1;
    %assign/vec4 v0000023258302570_0, 0;
    %load/vec4 v0000023258300b60_0;
    %pad/u 32;
    %cmpi/u 1, 0, 32;
    %flag_get/vec4 5;
    %assign/vec4 v00000232582ade30_0, 0;
    %pushi/vec4 1, 0, 1;
    %assign/vec4 v0000023258300ca0_0, 0;
    %pushi/vec4 1, 0, 1;
    %assign/vec4 v0000023258300e80_0, 0;
    %pushi/vec4 1, 0, 1;
    %assign/vec4 v00000232583007a0_0, 0;
    %pushi/vec4 1, 0, 1;
    %assign/vec4 v0000023258301ad0_0, 0;
    %pushi/vec4 2, 0, 32;
    %load/vec4 v0000023258300700_0;
    %pad/u 32;
    %cmp/u;
    %flag_get/vec4 4;
    %flag_get/vec4 5;
    %or;
    %assign/vec4 v00000232583003e0_0, 0;
    %pushi/vec4 1, 0, 1;
    %assign/vec4 v0000023258300f20_0, 0;
    %load/vec4 v0000023258301060_0;
    %assign/vec4 v00000232583005c0_0, 0;
    %load/vec4 v0000023258300a20_0;
    %assign/vec4 v0000023258300ac0_0, 0;
    %load/vec4 v0000023258300200_0;
    %assign/vec4 v0000023258300520_0, 0;
    %pushi/vec4 0, 0, 1;
    %assign/vec4 v0000023258300fc0_0, 0;
    %pushi/vec4 1, 0, 1;
    %assign/vec4 v00000232582ae150_0, 0;
    %pushi/vec4 1, 0, 1;
    %assign/vec4 v0000023258300d40_0, 0;
    %pushi/vec4 1, 0, 1;
    %assign/vec4 v0000023258300160_0, 0;
    %pushi/vec4 0, 0, 1;
    %assign/vec4 v00000232583018f0_0, 0;
    %pushi/vec4 1, 0, 1;
    %assign/vec4 v0000023258300de0_0, 0;
    %pushi/vec4 1, 0, 1;
    %assign/vec4 v0000023258300480_0, 0;
    %jmp T_2.23;
T_2.23 ;
    %pop/vec4 1;
    %jmp T_2;
    .thread T_2, $push;
# The file index is used to find the file name in the following table.
:file_names 3;
    "N/A";
    "<interactive>";
    "convolution_top_CU.v";
