#! /c/Source/iverilog-install/bin/vvp
:ivl_version "12.0 (devel)" "(s20150603-1539-g2693dd32b)";
:ivl_delay_selection "TYPICAL";
:vpi_time_precision - 12;
:vpi_module "C:\iverilog\lib\ivl\system.vpi";
:vpi_module "C:\iverilog\lib\ivl\vhdl_sys.vpi";
:vpi_module "C:\iverilog\lib\ivl\vhdl_textio.vpi";
:vpi_module "C:\iverilog\lib\ivl\v2005_math.vpi";
:vpi_module "C:\iverilog\lib\ivl\va_math.vpi";
S_000002ae9957a850 .scope module, "tb_multiplier_adder" "tb_multiplier_adder" 2 5;
 .timescale -9 -12;
P_000002ae9955efe0 .param/l "KERNEL_WIDTH" 0 2 9, +C4<00000000000000000000000000010000>;
P_000002ae9955f018 .param/l "PIXEL_WIDTH" 0 2 8, +C4<00000000000000000000000000010000>;
P_000002ae9955f050 .param/l "RESULT_WIDTH" 0 2 10, +C4<00000000000000000000000000110000>;
v000002ae995cef40_0 .var/s "k00", 15 0;
v000002ae995ce5e0_0 .var/s "k01", 15 0;
v000002ae995ce860_0 .var/s "k02", 15 0;
v000002ae995cf440_0 .var/s "k10", 15 0;
v000002ae995cfd00_0 .var/s "k11", 15 0;
v000002ae995cfee0_0 .var/s "k12", 15 0;
v000002ae995cf760_0 .var/s "k20", 15 0;
v000002ae995cf8a0_0 .var/s "k21", 15 0;
v000002ae995cf260_0 .var/s "k22", 15 0;
v000002ae995cee00_0 .net/s "result", 47 0, L_000002ae995d1630;  1 drivers
v000002ae995cf4e0_0 .var/s "x00", 15 0;
v000002ae995cf1c0_0 .var/s "x01", 15 0;
v000002ae995ceb80_0 .var/s "x02", 15 0;
v000002ae995ceae0_0 .var/s "x10", 15 0;
v000002ae995cf580_0 .var/s "x11", 15 0;
v000002ae995cff80_0 .var/s "x12", 15 0;
v000002ae995cf300_0 .var/s "x20", 15 0;
v000002ae995cecc0_0 .var/s "x21", 15 0;
v000002ae995ced60_0 .var/s "x22", 15 0;
S_000002ae995607b0 .scope module, "dut" "multiplier_adder" 2 29, 3 1 0, S_000002ae9957a850;
 .timescale 0 0;
    .port_info 0 /INPUT 16 "x00";
    .port_info 1 /INPUT 16 "x01";
    .port_info 2 /INPUT 16 "x02";
    .port_info 3 /INPUT 16 "x10";
    .port_info 4 /INPUT 16 "x11";
    .port_info 5 /INPUT 16 "x12";
    .port_info 6 /INPUT 16 "x20";
    .port_info 7 /INPUT 16 "x21";
    .port_info 8 /INPUT 16 "x22";
    .port_info 9 /INPUT 16 "k00";
    .port_info 10 /INPUT 16 "k01";
    .port_info 11 /INPUT 16 "k02";
    .port_info 12 /INPUT 16 "k10";
    .port_info 13 /INPUT 16 "k11";
    .port_info 14 /INPUT 16 "k12";
    .port_info 15 /INPUT 16 "k20";
    .port_info 16 /INPUT 16 "k21";
    .port_info 17 /INPUT 16 "k22";
    .port_info 18 /OUTPUT 48 "result";
P_000002ae9955f980 .param/l "KERNEL_WIDTH" 0 3 3, +C4<00000000000000000000000000010000>;
P_000002ae9955f9b8 .param/l "PIXEL_WIDTH" 0 3 2, +C4<00000000000000000000000000010000>;
P_000002ae9955f9f0 .param/l "RESULT_WIDTH" 0 3 4, +C4<00000000000000000000000000110000>;
L_000002ae9954f410 .functor BUFZ 48, L_000002ae995d1a90, C4<000000000000000000000000000000000000000000000000>, C4<000000000000000000000000000000000000000000000000>, C4<000000000000000000000000000000000000000000000000>;
v000002ae99522ea0_0 .net/s *"_ivl_0", 47 0, L_000002ae995d0020;  1 drivers
v000002ae99522b60_0 .net/s *"_ivl_12", 47 0, L_000002ae995d0550;  1 drivers
v000002ae99522d30_0 .net/s *"_ivl_14", 47 0, L_000002ae995d1770;  1 drivers
v000002ae99522ff0_0 .net/s *"_ivl_18", 47 0, L_000002ae995d09b0;  1 drivers
v000002ae9969ee80_0 .net/s *"_ivl_2", 47 0, L_000002ae995cf620;  1 drivers
v000002ae99574c20_0 .net/s *"_ivl_20", 47 0, L_000002ae995d0c30;  1 drivers
v000002ae995cd8f0_0 .net/s *"_ivl_24", 47 0, L_000002ae995d07d0;  1 drivers
v000002ae995cdcb0_0 .net/s *"_ivl_26", 47 0, L_000002ae995d0cd0;  1 drivers
v000002ae995cd850_0 .net/s *"_ivl_30", 47 0, L_000002ae995d11d0;  1 drivers
v000002ae995cd530_0 .net/s *"_ivl_32", 47 0, L_000002ae995d0f50;  1 drivers
v000002ae995ce070_0 .net/s *"_ivl_36", 47 0, L_000002ae995d1e50;  1 drivers
v000002ae995cda30_0 .net/s *"_ivl_38", 47 0, L_000002ae995d0ff0;  1 drivers
v000002ae995cd990_0 .net/s *"_ivl_42", 47 0, L_000002ae995d23f0;  1 drivers
v000002ae995cd7b0_0 .net/s *"_ivl_44", 47 0, L_000002ae995d1f90;  1 drivers
v000002ae995ce1b0_0 .net/s *"_ivl_48", 47 0, L_000002ae995d1950;  1 drivers
v000002ae995cdad0_0 .net/s *"_ivl_50", 47 0, L_000002ae995d2030;  1 drivers
v000002ae995cdfd0_0 .net/s *"_ivl_6", 47 0, L_000002ae995cefe0;  1 drivers
v000002ae995cdf30_0 .net/s *"_ivl_8", 47 0, L_000002ae995cf3a0;  1 drivers
v000002ae995cdd50_0 .net/s "k00", 15 0, v000002ae995cef40_0;  1 drivers
v000002ae995cddf0_0 .net/s "k01", 15 0, v000002ae995ce5e0_0;  1 drivers
v000002ae995ce390_0 .net/s "k02", 15 0, v000002ae995ce860_0;  1 drivers
v000002ae995cde90_0 .net/s "k10", 15 0, v000002ae995cf440_0;  1 drivers
v000002ae995cd5d0_0 .net/s "k11", 15 0, v000002ae995cfd00_0;  1 drivers
v000002ae995cd670_0 .net/s "k12", 15 0, v000002ae995cfee0_0;  1 drivers
v000002ae995cdb70_0 .net/s "k20", 15 0, v000002ae995cf760_0;  1 drivers
v000002ae995ce110_0 .net/s "k21", 15 0, v000002ae995cf8a0_0;  1 drivers
v000002ae995ce2f0_0 .net/s "k22", 15 0, v000002ae995cf260_0;  1 drivers
v000002ae995cdc10_0 .net/s "p00", 47 0, L_000002ae995d00c0;  1 drivers
v000002ae995ce250_0 .net/s "p01", 47 0, L_000002ae995d22b0;  1 drivers
v000002ae995ce430_0 .net/s "p02", 47 0, L_000002ae995d1590;  1 drivers
v000002ae995cd710_0 .net/s "p10", 47 0, L_000002ae995d0910;  1 drivers
v000002ae995cec20_0 .net/s "p11", 47 0, L_000002ae995d1b30;  1 drivers
v000002ae995cf120_0 .net/s "p12", 47 0, L_000002ae995d18b0;  1 drivers
v000002ae995ceea0_0 .net/s "p20", 47 0, L_000002ae995d2350;  1 drivers
v000002ae995cf800_0 .net/s "p21", 47 0, L_000002ae995d19f0;  1 drivers
v000002ae995d0160_0 .net/s "p22", 47 0, L_000002ae995d1a90;  1 drivers
v000002ae995ce720_0 .net/s "result", 47 0, L_000002ae995d1630;  alias, 1 drivers
v000002ae995cf940_0 .net/s "sum0", 47 0, L_000002ae995d0d70;  1 drivers
v000002ae995d0200_0 .net/s "sum01", 47 0, L_000002ae995d0e10;  1 drivers
v000002ae995cf9e0_0 .net/s "sum0123", 47 0, L_000002ae995d0eb0;  1 drivers
v000002ae995cea40_0 .net/s "sum1", 47 0, L_000002ae995d20d0;  1 drivers
v000002ae995cf080_0 .net/s "sum2", 47 0, L_000002ae995d1ef0;  1 drivers
v000002ae995cfa80_0 .net/s "sum23", 47 0, L_000002ae995d2170;  1 drivers
v000002ae995ce900_0 .net/s "sum3", 47 0, L_000002ae995d0730;  1 drivers
v000002ae995ce9a0_0 .net/s "sum4", 47 0, L_000002ae9954f410;  1 drivers
v000002ae995d03e0_0 .net/s "x00", 15 0, v000002ae995cf4e0_0;  1 drivers
v000002ae995d02a0_0 .net/s "x01", 15 0, v000002ae995cf1c0_0;  1 drivers
v000002ae995cf6c0_0 .net/s "x02", 15 0, v000002ae995ceb80_0;  1 drivers
v000002ae995cfe40_0 .net/s "x10", 15 0, v000002ae995ceae0_0;  1 drivers
v000002ae995d0340_0 .net/s "x11", 15 0, v000002ae995cf580_0;  1 drivers
v000002ae995cfb20_0 .net/s "x12", 15 0, v000002ae995cff80_0;  1 drivers
v000002ae995ce540_0 .net/s "x20", 15 0, v000002ae995cf300_0;  1 drivers
v000002ae995cfbc0_0 .net/s "x21", 15 0, v000002ae995cecc0_0;  1 drivers
v000002ae995ce680_0 .net/s "x22", 15 0, v000002ae995ced60_0;  1 drivers
L_000002ae995d0020 .extend/s 48, v000002ae995cf4e0_0;
L_000002ae995cf620 .extend/s 48, v000002ae995cef40_0;
L_000002ae995d00c0 .arith/mult 48, L_000002ae995d0020, L_000002ae995cf620;
L_000002ae995cefe0 .extend/s 48, v000002ae995cf1c0_0;
L_000002ae995cf3a0 .extend/s 48, v000002ae995ce5e0_0;
L_000002ae995d22b0 .arith/mult 48, L_000002ae995cefe0, L_000002ae995cf3a0;
L_000002ae995d0550 .extend/s 48, v000002ae995ceb80_0;
L_000002ae995d1770 .extend/s 48, v000002ae995ce860_0;
L_000002ae995d1590 .arith/mult 48, L_000002ae995d0550, L_000002ae995d1770;
L_000002ae995d09b0 .extend/s 48, v000002ae995ceae0_0;
L_000002ae995d0c30 .extend/s 48, v000002ae995cf440_0;
L_000002ae995d0910 .arith/mult 48, L_000002ae995d09b0, L_000002ae995d0c30;
L_000002ae995d07d0 .extend/s 48, v000002ae995cf580_0;
L_000002ae995d0cd0 .extend/s 48, v000002ae995cfd00_0;
L_000002ae995d1b30 .arith/mult 48, L_000002ae995d07d0, L_000002ae995d0cd0;
L_000002ae995d11d0 .extend/s 48, v000002ae995cff80_0;
L_000002ae995d0f50 .extend/s 48, v000002ae995cfee0_0;
L_000002ae995d18b0 .arith/mult 48, L_000002ae995d11d0, L_000002ae995d0f50;
L_000002ae995d1e50 .extend/s 48, v000002ae995cf300_0;
L_000002ae995d0ff0 .extend/s 48, v000002ae995cf760_0;
L_000002ae995d2350 .arith/mult 48, L_000002ae995d1e50, L_000002ae995d0ff0;
L_000002ae995d23f0 .extend/s 48, v000002ae995cecc0_0;
L_000002ae995d1f90 .extend/s 48, v000002ae995cf8a0_0;
L_000002ae995d19f0 .arith/mult 48, L_000002ae995d23f0, L_000002ae995d1f90;
L_000002ae995d1950 .extend/s 48, v000002ae995ced60_0;
L_000002ae995d2030 .extend/s 48, v000002ae995cf260_0;
L_000002ae995d1a90 .arith/mult 48, L_000002ae995d1950, L_000002ae995d2030;
L_000002ae995d0d70 .arith/sum 48, L_000002ae995d00c0, L_000002ae995d22b0;
L_000002ae995d20d0 .arith/sum 48, L_000002ae995d1590, L_000002ae995d0910;
L_000002ae995d1ef0 .arith/sum 48, L_000002ae995d1b30, L_000002ae995d18b0;
L_000002ae995d0730 .arith/sum 48, L_000002ae995d2350, L_000002ae995d19f0;
L_000002ae995d0e10 .arith/sum 48, L_000002ae995d0d70, L_000002ae995d20d0;
L_000002ae995d2170 .arith/sum 48, L_000002ae995d1ef0, L_000002ae995d0730;
L_000002ae995d0eb0 .arith/sum 48, L_000002ae995d0e10, L_000002ae995d2170;
L_000002ae995d1630 .arith/sum 48, L_000002ae995d0eb0, L_000002ae9954f410;
S_000002ae99560a80 .scope task, "set_identity_kernel" "set_identity_kernel" 2 56, 2 56 0, S_000002ae9957a850;
 .timescale -9 -12;
TD_tb_multiplier_adder.set_identity_kernel ;
    %pushi/vec4 0, 0, 16;
    %store/vec4 v000002ae995cef40_0, 0, 16;
    %pushi/vec4 0, 0, 16;
    %store/vec4 v000002ae995ce5e0_0, 0, 16;
    %pushi/vec4 0, 0, 16;
    %store/vec4 v000002ae995ce860_0, 0, 16;
    %pushi/vec4 0, 0, 16;
    %store/vec4 v000002ae995cf440_0, 0, 16;
    %pushi/vec4 1, 0, 16;
    %store/vec4 v000002ae995cfd00_0, 0, 16;
    %pushi/vec4 0, 0, 16;
    %store/vec4 v000002ae995cfee0_0, 0, 16;
    %pushi/vec4 0, 0, 16;
    %store/vec4 v000002ae995cf760_0, 0, 16;
    %pushi/vec4 0, 0, 16;
    %store/vec4 v000002ae995cf8a0_0, 0, 16;
    %pushi/vec4 0, 0, 16;
    %store/vec4 v000002ae995cf260_0, 0, 16;
    %end;
S_000002ae9957b280 .scope task, "set_inputs" "set_inputs" 2 40, 2 40 0, S_000002ae9957a850;
 .timescale -9 -12;
v000002ae995cfda0_0 .var/s "v_k", 15 0;
v000002ae995ce7c0_0 .var/s "v_x", 15 0;
TD_tb_multiplier_adder.set_inputs ;
    %load/vec4 v000002ae995ce7c0_0;
    %store/vec4 v000002ae995cf4e0_0, 0, 16;
    %load/vec4 v000002ae995ce7c0_0;
    %store/vec4 v000002ae995cf1c0_0, 0, 16;
    %load/vec4 v000002ae995ce7c0_0;
    %store/vec4 v000002ae995ceb80_0, 0, 16;
    %load/vec4 v000002ae995ce7c0_0;
    %store/vec4 v000002ae995ceae0_0, 0, 16;
    %load/vec4 v000002ae995ce7c0_0;
    %store/vec4 v000002ae995cf580_0, 0, 16;
    %load/vec4 v000002ae995ce7c0_0;
    %store/vec4 v000002ae995cff80_0, 0, 16;
    %load/vec4 v000002ae995ce7c0_0;
    %store/vec4 v000002ae995cf300_0, 0, 16;
    %load/vec4 v000002ae995ce7c0_0;
    %store/vec4 v000002ae995cecc0_0, 0, 16;
    %load/vec4 v000002ae995ce7c0_0;
    %store/vec4 v000002ae995ced60_0, 0, 16;
    %load/vec4 v000002ae995cfda0_0;
    %store/vec4 v000002ae995cef40_0, 0, 16;
    %load/vec4 v000002ae995cfda0_0;
    %store/vec4 v000002ae995ce5e0_0, 0, 16;
    %load/vec4 v000002ae995cfda0_0;
    %store/vec4 v000002ae995ce860_0, 0, 16;
    %load/vec4 v000002ae995cfda0_0;
    %store/vec4 v000002ae995cf440_0, 0, 16;
    %load/vec4 v000002ae995cfda0_0;
    %store/vec4 v000002ae995cfd00_0, 0, 16;
    %load/vec4 v000002ae995cfda0_0;
    %store/vec4 v000002ae995cfee0_0, 0, 16;
    %load/vec4 v000002ae995cfda0_0;
    %store/vec4 v000002ae995cf760_0, 0, 16;
    %load/vec4 v000002ae995cfda0_0;
    %store/vec4 v000002ae995cf8a0_0, 0, 16;
    %load/vec4 v000002ae995cfda0_0;
    %store/vec4 v000002ae995cf260_0, 0, 16;
    %end;
    .scope S_000002ae9957a850;
T_2 ;
    %vpi_call 2 67 "$display", "---------------------------------------------------" {0 0 0};
    %vpi_call 2 68 "$display", "Starting Testbench for Multiplier Adder (Convolution)" {0 0 0};
    %vpi_call 2 69 "$display", "---------------------------------------------------" {0 0 0};
    %pushi/vec4 1, 0, 16;
    %store/vec4 v000002ae995ce7c0_0, 0, 16;
    %pushi/vec4 1, 0, 16;
    %store/vec4 v000002ae995cfda0_0, 0, 16;
    %fork TD_tb_multiplier_adder.set_inputs, S_000002ae9957b280;
    %join;
    %delay 10000, 0;
    %vpi_call 2 75 "$display", "Case 1: All 1s.      Result: %0d (Expected: 9)", v000002ae995cee00_0 {0 0 0};
    %load/vec4 v000002ae995cee00_0;
    %cmpi/ne 9, 0, 48;
    %jmp/0xz  T_2.0, 6;
    %vpi_call 2 76 "$display", "--> ERROR!" {0 0 0};
T_2.0 ;
    %pushi/vec4 100, 0, 16;
    %store/vec4 v000002ae995ce7c0_0, 0, 16;
    %pushi/vec4 0, 0, 16;
    %store/vec4 v000002ae995cfda0_0, 0, 16;
    %fork TD_tb_multiplier_adder.set_inputs, S_000002ae9957b280;
    %join;
    %delay 10000, 0;
    %vpi_call 2 81 "$display", "Case 2: Zero Kernel. Result: %0d (Expected: 0)", v000002ae995cee00_0 {0 0 0};
    %load/vec4 v000002ae995cee00_0;
    %cmpi/ne 0, 0, 48;
    %jmp/0xz  T_2.2, 6;
    %vpi_call 2 82 "$display", "--> ERROR!" {0 0 0};
T_2.2 ;
    %pushi/vec4 50, 0, 16;
    %store/vec4 v000002ae995ce7c0_0, 0, 16;
    %pushi/vec4 0, 0, 16;
    %store/vec4 v000002ae995cfda0_0, 0, 16;
    %fork TD_tb_multiplier_adder.set_inputs, S_000002ae9957b280;
    %join;
    %fork TD_tb_multiplier_adder.set_identity_kernel, S_000002ae99560a80;
    %join;
    %pushi/vec4 123, 0, 16;
    %store/vec4 v000002ae995cf580_0, 0, 16;
    %delay 10000, 0;
    %vpi_call 2 89 "$display", "Case 3: Identity.    Result: %0d (Expected: 123)", v000002ae995cee00_0 {0 0 0};
    %load/vec4 v000002ae995cee00_0;
    %cmpi/ne 123, 0, 48;
    %jmp/0xz  T_2.4, 6;
    %vpi_call 2 90 "$display", "--> ERROR!" {0 0 0};
T_2.4 ;
    %pushi/vec4 65534, 0, 16;
    %store/vec4 v000002ae995ce7c0_0, 0, 16;
    %pushi/vec4 5, 0, 16;
    %store/vec4 v000002ae995cfda0_0, 0, 16;
    %fork TD_tb_multiplier_adder.set_inputs, S_000002ae9957b280;
    %join;
    %delay 10000, 0;
    %vpi_call 2 96 "$display", "Case 4: Signed Math. Result: %0d (Expected: -90)", v000002ae995cee00_0 {0 0 0};
    %load/vec4 v000002ae995cee00_0;
    %pushi/vec4 4294967295, 0, 32;
    %concati/vec4 65446, 0, 16;
    %cmp/ne;
    %jmp/0xz  T_2.6, 6;
    %vpi_call 2 97 "$display", "--> ERROR!" {0 0 0};
T_2.6 ;
    %pushi/vec4 0, 0, 16;
    %store/vec4 v000002ae995ce7c0_0, 0, 16;
    %pushi/vec4 1, 0, 16;
    %store/vec4 v000002ae995cfda0_0, 0, 16;
    %fork TD_tb_multiplier_adder.set_inputs, S_000002ae9957b280;
    %join;
    %pushi/vec4 1, 0, 16;
    %store/vec4 v000002ae995cf4e0_0, 0, 16;
    %pushi/vec4 1, 0, 16;
    %store/vec4 v000002ae995cf1c0_0, 0, 16;
    %pushi/vec4 1, 0, 16;
    %store/vec4 v000002ae995ceb80_0, 0, 16;
    %pushi/vec4 2, 0, 16;
    %store/vec4 v000002ae995ceae0_0, 0, 16;
    %pushi/vec4 2, 0, 16;
    %store/vec4 v000002ae995cf580_0, 0, 16;
    %pushi/vec4 2, 0, 16;
    %store/vec4 v000002ae995cff80_0, 0, 16;
    %pushi/vec4 3, 0, 16;
    %store/vec4 v000002ae995cf300_0, 0, 16;
    %pushi/vec4 3, 0, 16;
    %store/vec4 v000002ae995cecc0_0, 0, 16;
    %pushi/vec4 3, 0, 16;
    %store/vec4 v000002ae995ced60_0, 0, 16;
    %delay 10000, 0;
    %vpi_call 2 108 "$display", "Case 5: Row Sums.    Result: %0d (Expected: 18)", v000002ae995cee00_0 {0 0 0};
    %load/vec4 v000002ae995cee00_0;
    %cmpi/ne 18, 0, 48;
    %jmp/0xz  T_2.8, 6;
    %vpi_call 2 109 "$display", "--> ERROR!" {0 0 0};
T_2.8 ;
    %vpi_call 2 111 "$display", "---------------------------------------------------" {0 0 0};
    %vpi_call 2 112 "$display", "Testbench Complete." {0 0 0};
    %vpi_call 2 113 "$display", "---------------------------------------------------" {0 0 0};
    %vpi_call 2 114 "$finish" {0 0 0};
    %end;
    .thread T_2;
# The file index is used to find the file name in the following table.
:file_names 4;
    "N/A";
    "<interactive>";
    "tb_multiplier_adder.v";
    "./multiplier_adder.v";
